[ 2018-02-07T15:54:05+08:00 ] 127.0.0.1 /index.php/home/user/login
INFO: [ app_init ] --START--
INFO: Run Behavior\BuildLiteBehavior [ RunTime:0.000059s ]
INFO: [ app_init ] --END-- [ RunTime:0.003266s ]
INFO: [ app_begin ] --START--
INFO: Run Behavior\ReadHtmlCacheBehavior [ RunTime:0.000702s ]
INFO: [ app_begin ] --END-- [ RunTime:0.000821s ]
INFO: [ view_parse ] --START--
INFO: [ template_filter ] --START--
INFO: Run Behavior\ContentReplaceBehavior [ RunTime:0.008805s ]
INFO: [ template_filter ] --END-- [ RunTime:0.009343s ]
INFO: Run Behavior\ParseTemplateBehavior [ RunTime:0.055245s ]
INFO: [ view_parse ] --END-- [ RunTime:0.055410s ]
INFO: [ view_filter ] --START--
INFO: Run Behavior\WriteHtmlCacheBehavior [ RunTime:0.000508s ]
INFO: [ view_filter ] --END-- [ RunTime:0.000624s ]
INFO: [ app_end ] --START--
INFO: Run Behavior\ShowPageTraceBehavior [ RunTime:0.000586s ]
INFO: [ app_end ] --END-- [ RunTime:0.000703s ]

[ 2018-02-07T15:54:08+08:00 ] 127.0.0.1 /index.php/Home/User/regist.html
INFO: [ app_init ] --START--
INFO: Run Behavior\BuildLiteBehavior [ RunTime:0.000023s ]
INFO: [ app_init ] --END-- [ RunTime:0.000370s ]
INFO: [ app_begin ] --START--
INFO: Run Behavior\ReadHtmlCacheBehavior [ RunTime:0.000352s ]
INFO: [ app_begin ] --END-- [ RunTime:0.000454s ]
SQL: SHOW COLUMNS FROM `tp_user` [ RunTime:0.0559s ]
INFO: [ view_parse ] --START--
INFO: [ template_filter ] --START--
INFO: Run Behavior\ContentReplaceBehavior [ RunTime:0.008425s ]
INFO: [ template_filter ] --END-- [ RunTime:0.008603s ]
INFO: Run Behavior\ParseTemplateBehavior [ RunTime:0.030570s ]
INFO: [ view_parse ] --END-- [ RunTime:0.030737s ]
INFO: [ view_filter ] --START--
INFO: Run Behavior\WriteHtmlCacheBehavior [ RunTime:0.000356s ]
INFO: [ view_filter ] --END-- [ RunTime:0.000506s ]
INFO: [ app_end ] --START--
INFO: Run Behavior\ShowPageTraceBehavior [ RunTime:0.000500s ]
INFO: [ app_end ] --END-- [ RunTime:0.000659s ]

[ 2018-02-07T15:54:08+08:00 ] 127.0.0.1 /index.php/Home/User/verifyImg.html
INFO: [ app_init ] --START--
INFO: Run Behavior\BuildLiteBehavior [ RunTime:0.000041s ]
INFO: [ app_init ] --END-- [ RunTime:0.000571s ]
INFO: [ app_begin ] --START--
INFO: Run Behavior\ReadHtmlCacheBehavior [ RunTime:0.000426s ]
INFO: [ app_begin ] --END-- [ RunTime:0.000568s ]
INFO: [ app_end ] --START--
INFO: Run Behavior\ShowPageTraceBehavior [ RunTime:0.001092s ]
INFO: [ app_end ] --END-- [ RunTime:0.001435s ]

[ 2018-02-07T15:54:18+08:00 ] 127.0.0.1 /index.php/Home/User/checkCode.html?code=iibk
INFO: [ app_init ] --START--
INFO: Run Behavior\BuildLiteBehavior [ RunTime:0.000038s ]
INFO: [ app_init ] --END-- [ RunTime:0.000499s ]
INFO: [ app_begin ] --START--
INFO: Run Behavior\ReadHtmlCacheBehavior [ RunTime:0.000796s ]
INFO: [ app_begin ] --END-- [ RunTime:0.000981s ]
INFO: [ app_end ] --START--
INFO: Run Behavior\ShowPageTraceBehavior [ RunTime:0.000438s ]
INFO: [ app_end ] --END-- [ RunTime:0.000548s ]

[ 2018-02-07T15:54:18+08:00 ] 127.0.0.1 /index.php/Home/User/checkCode.html?code=iibk
INFO: [ app_init ] --START--
INFO: Run Behavior\BuildLiteBehavior [ RunTime:0.000029s ]
INFO: [ app_init ] --END-- [ RunTime:0.000496s ]
INFO: [ app_begin ] --START--
INFO: Run Behavior\ReadHtmlCacheBehavior [ RunTime:0.000336s ]
INFO: [ app_begin ] --END-- [ RunTime:0.000432s ]
INFO: [ app_end ] --START--
INFO: Run Behavior\ShowPageTraceBehavior [ RunTime:0.000365s ]
INFO: [ app_end ] --END-- [ RunTime:0.000489s ]

[ 2018-02-07T15:54:20+08:00 ] 127.0.0.1 /index.php/Home/User/verifyImg/0.5970342335411267
INFO: [ app_init ] --START--
INFO: Run Behavior\BuildLiteBehavior [ RunTime:0.000029s ]
INFO: [ app_init ] --END-- [ RunTime:0.000360s ]
INFO: [ app_begin ] --START--
INFO: Run Behavior\ReadHtmlCacheBehavior [ RunTime:0.000447s ]
INFO: [ app_begin ] --END-- [ RunTime:0.000591s ]
INFO: [ app_end ] --START--
INFO: Run Behavior\ShowPageTraceBehavior [ RunTime:0.000449s ]
INFO: [ app_end ] --END-- [ RunTime:0.000574s ]

[ 2018-02-07T15:54:24+08:00 ] 127.0.0.1 /index.php/Home/User/checkCode.html?code=3q1k
INFO: [ app_init ] --START--
INFO: Run Behavior\BuildLiteBehavior [ RunTime:0.000020s ]
INFO: [ app_init ] --END-- [ RunTime:0.000290s ]
INFO: [ app_begin ] --START--
INFO: Run Behavior\ReadHtmlCacheBehavior [ RunTime:0.000297s ]
INFO: [ app_begin ] --END-- [ RunTime:0.000370s ]
INFO: [ app_end ] --START--
INFO: Run Behavior\ShowPageTraceBehavior [ RunTime:0.000297s ]
INFO: [ app_end ] --END-- [ RunTime:0.000375s ]

[ 2018-02-07T15:54:28+08:00 ] 127.0.0.1 /index.php/Home/User/checkCode.html?code=3qik
INFO: [ app_init ] --START--
INFO: Run Behavior\BuildLiteBehavior [ RunTime:0.000022s ]
INFO: [ app_init ] --END-- [ RunTime:0.000300s ]
INFO: [ app_begin ] --START--
INFO: Run Behavior\ReadHtmlCacheBehavior [ RunTime:0.000303s ]
INFO: [ app_begin ] --END-- [ RunTime:0.000381s ]
INFO: [ app_end ] --START--
INFO: Run Behavior\ShowPageTraceBehavior [ RunTime:0.000313s ]
INFO: [ app_end ] --END-- [ RunTime:0.000405s ]

[ 2018-02-07T15:54:31+08:00 ] 127.0.0.1 /index.php/Home/User/regist.html
INFO: [ app_init ] --START--
INFO: Run Behavior\BuildLiteBehavior [ RunTime:0.000023s ]
INFO: [ app_init ] --END-- [ RunTime:0.000317s ]
INFO: [ app_begin ] --START--
INFO: Run Behavior\ReadHtmlCacheBehavior [ RunTime:0.000420s ]
INFO: [ app_begin ] --END-- [ RunTime:0.000528s ]
SQL: SHOW COLUMNS FROM `tp_user` [ RunTime:0.0102s ]
NOTIC: [8] Undefined index: validate D:\php02\ThinkPHP\Library\Think\Model.class.php 第 1185 行.
NOTIC: [8] Undefined index: auto D:\php02\ThinkPHP\Library\Think\Model.class.php 第 1128 行.
SQL: INSERT INTO `tp_user` (`user_name`,`user_pwd`,`user_email`,`add_time`) VALUES ('xiaoli','202cb962ac59075b964b07152d234b70','191896220@qq.com','1517990069') [ RunTime:0.0597s ]
SQL: UPDATE `tp_user` SET `user_check_code`='4004f210af87d941bc49dd1d669033b5' WHERE `user_id` = 27 [ RunTime:0.0237s ]
INFO: [ view_parse ] --START--
INFO: [ template_filter ] --START--
INFO: Run Behavior\ContentReplaceBehavior [ RunTime:0.000279s ]
INFO: [ template_filter ] --END-- [ RunTime:0.000580s ]
INFO: Run Behavior\ParseTemplateBehavior [ RunTime:0.061593s ]
INFO: [ view_parse ] --END-- [ RunTime:0.061730s ]
INFO: [ view_filter ] --START--
INFO: Run Behavior\WriteHtmlCacheBehavior [ RunTime:0.000246s ]
INFO: [ view_filter ] --END-- [ RunTime:0.000364s ]
INFO: [ app_end ] --START--
INFO: Run Behavior\ShowPageTraceBehavior [ RunTime:0.000405s ]
INFO: [ app_end ] --END-- [ RunTime:0.000550s ]

[ 2018-02-07T15:54:32+08:00 ] 127.0.0.1 /index.php/Home/User/showRegister.html
INFO: [ app_init ] --START--
INFO: Run Behavior\BuildLiteBehavior [ RunTime:0.000029s ]
INFO: [ app_init ] --END-- [ RunTime:0.000455s ]
INFO: [ app_begin ] --START--
INFO: Run Behavior\ReadHtmlCacheBehavior [ RunTime:0.000322s ]
INFO: [ app_begin ] --END-- [ RunTime:0.000419s ]
INFO: [ view_parse ] --START--
INFO: [ template_filter ] --START--
INFO: Run Behavior\ContentReplaceBehavior [ RunTime:0.000102s ]
INFO: [ template_filter ] --END-- [ RunTime:0.000321s ]
INFO: Run Behavior\ParseTemplateBehavior [ RunTime:0.011422s ]
INFO: [ view_parse ] --END-- [ RunTime:0.011618s ]
INFO: [ view_filter ] --START--
INFO: Run Behavior\WriteHtmlCacheBehavior [ RunTime:0.000362s ]
INFO: [ view_filter ] --END-- [ RunTime:0.000460s ]
INFO: [ app_end ] --START--
INFO: Run Behavior\ShowPageTraceBehavior [ RunTime:0.000347s ]
INFO: [ app_end ] --END-- [ RunTime:0.000440s ]

[ 2018-02-07T15:55:17+08:00 ] 127.0.0.1 /index.php/Home/User/login.html
INFO: [ app_init ] --START--
INFO: Run Behavior\BuildLiteBehavior [ RunTime:0.000077s ]
INFO: [ app_init ] --END-- [ RunTime:0.001684s ]
INFO: [ app_begin ] --START--
INFO: Run Behavior\ReadHtmlCacheBehavior [ RunTime:0.000460s ]
INFO: [ app_begin ] --END-- [ RunTime:0.000585s ]
INFO: [ view_parse ] --START--
INFO: [ template_filter ] --START--
INFO: Run Behavior\ContentReplaceBehavior [ RunTime:0.000135s ]
INFO: [ template_filter ] --END-- [ RunTime:0.000249s ]
INFO: Run Behavior\ParseTemplateBehavior [ RunTime:0.007560s ]
INFO: [ view_parse ] --END-- [ RunTime:0.007685s ]
INFO: [ view_filter ] --START--
INFO: Run Behavior\WriteHtmlCacheBehavior [ RunTime:0.000346s ]
INFO: [ view_filter ] --END-- [ RunTime:0.000510s ]
INFO: [ app_end ] --START--
INFO: Run Behavior\ShowPageTraceBehavior [ RunTime:0.000439s ]
INFO: [ app_end ] --END-- [ RunTime:0.000551s ]

[ 2018-02-07T15:55:21+08:00 ] 127.0.0.1 /index.php/Home/User/login.html
INFO: [ app_init ] --START--
INFO: Run Behavior\BuildLiteBehavior [ RunTime:0.000023s ]
INFO: [ app_init ] --END-- [ RunTime:0.000333s ]
INFO: [ app_begin ] --START--
INFO: Run Behavior\ReadHtmlCacheBehavior [ RunTime:0.000313s ]
INFO: [ app_begin ] --END-- [ RunTime:0.000411s ]
SQL: SHOW COLUMNS FROM `tp_user` [ RunTime:0.0063s ]
SQL: SELECT * FROM `tp_user` WHERE `user_name` = 'xiaoli' AND `user_pwd` = '202cb962ac59075b964b07152d234b70' LIMIT 1   [ RunTime:0.2860s ]
INFO: [ view_parse ] --START--
INFO: [ template_filter ] --START--
INFO: Run Behavior\ContentReplaceBehavior [ RunTime:0.000092s ]
INFO: [ template_filter ] --END-- [ RunTime:0.000258s ]
INFO: Run Behavior\ParseTemplateBehavior [ RunTime:0.006885s ]
INFO: [ view_parse ] --END-- [ RunTime:0.007022s ]
INFO: [ view_filter ] --START--
INFO: Run Behavior\WriteHtmlCacheBehavior [ RunTime:0.000191s ]
INFO: [ view_filter ] --END-- [ RunTime:0.000279s ]

[ 2018-02-07T15:55:23+08:00 ] 127.0.0.1 /index.php/Home/User/showRegister.html
INFO: [ app_init ] --START--
INFO: Run Behavior\BuildLiteBehavior [ RunTime:0.000032s ]
INFO: [ app_init ] --END-- [ RunTime:0.000483s ]
INFO: [ app_begin ] --START--
INFO: Run Behavior\ReadHtmlCacheBehavior [ RunTime:0.000871s ]
INFO: [ app_begin ] --END-- [ RunTime:0.001072s ]
INFO: [ view_parse ] --START--
INFO: [ template_filter ] --START--
INFO: Run Behavior\ContentReplaceBehavior [ RunTime:0.000063s ]
INFO: [ template_filter ] --END-- [ RunTime:0.000165s ]
INFO: Run Behavior\ParseTemplateBehavior [ RunTime:0.008028s ]
INFO: [ view_parse ] --END-- [ RunTime:0.008248s ]
INFO: [ view_filter ] --START--
INFO: Run Behavior\WriteHtmlCacheBehavior [ RunTime:0.000330s ]
INFO: [ view_filter ] --END-- [ RunTime:0.000481s ]
INFO: [ app_end ] --START--
INFO: Run Behavior\ShowPageTraceBehavior [ RunTime:0.000466s ]
INFO: [ app_end ] --END-- [ RunTime:0.000589s ]

[ 2018-02-07T15:55:48+08:00 ] 127.0.0.1 /index.php/Home/User/jihuo/user_id/27/checkcode/4004f210af87d941bc49dd1d669033b5.html
INFO: [ app_init ] --START--
INFO: Run Behavior\BuildLiteBehavior [ RunTime:0.000037s ]
INFO: [ app_init ] --END-- [ RunTime:0.000503s ]
INFO: [ app_begin ] --START--
INFO: Run Behavior\ReadHtmlCacheBehavior [ RunTime:0.000530s ]
INFO: [ app_begin ] --END-- [ RunTime:0.000692s ]
SQL: SHOW COLUMNS FROM `tp_user` [ RunTime:0.0110s ]
SQL: SELECT * FROM `tp_user` WHERE `user_id` = 27 LIMIT 1   [ RunTime:0.0004s ]
SQL: UPDATE `tp_user` SET `user_check`='1',`user_check_code`='' WHERE `user_id` = 27 [ RunTime:0.0004s ]
INFO: [ view_parse ] --START--
INFO: [ template_filter ] --START--
INFO: Run Behavior\ContentReplaceBehavior [ RunTime:0.000103s ]
INFO: [ template_filter ] --END-- [ RunTime:0.000289s ]
INFO: Run Behavior\ParseTemplateBehavior [ RunTime:0.010663s ]
INFO: [ view_parse ] --END-- [ RunTime:0.010804s ]
INFO: [ view_filter ] --START--
INFO: Run Behavior\WriteHtmlCacheBehavior [ RunTime:0.000186s ]
INFO: [ view_filter ] --END-- [ RunTime:0.000272s ]
INFO: [ app_end ] --START--
INFO: Run Behavior\ShowPageTraceBehavior [ RunTime:0.000351s ]
INFO: [ app_end ] --END-- [ RunTime:0.000448s ]

[ 2018-02-07T15:55:49+08:00 ] 127.0.0.1 /index.php/Home/User/login.html
INFO: [ app_init ] --START--
INFO: Run Behavior\BuildLiteBehavior [ RunTime:0.000024s ]
INFO: [ app_init ] --END-- [ RunTime:0.000331s ]
INFO: [ app_begin ] --START--
INFO: Run Behavior\ReadHtmlCacheBehavior [ RunTime:0.000377s ]
INFO: [ app_begin ] --END-- [ RunTime:0.000488s ]
INFO: [ view_parse ] --START--
INFO: [ template_filter ] --START--
INFO: Run Behavior\ContentReplaceBehavior [ RunTime:0.000243s ]
INFO: [ template_filter ] --END-- [ RunTime:0.000518s ]
INFO: Run Behavior\ParseTemplateBehavior [ RunTime:0.012431s ]
INFO: [ view_parse ] --END-- [ RunTime:0.012552s ]
INFO: [ view_filter ] --START--
INFO: Run Behavior\WriteHtmlCacheBehavior [ RunTime:0.000240s ]
INFO: [ view_filter ] --END-- [ RunTime:0.000336s ]
INFO: [ app_end ] --START--
INFO: Run Behavior\ShowPageTraceBehavior [ RunTime:0.000370s ]
INFO: [ app_end ] --END-- [ RunTime:0.000464s ]

[ 2018-02-07T15:55:56+08:00 ] 127.0.0.1 /index.php/Home/User/login.html
INFO: [ app_init ] --START--
INFO: Run Behavior\BuildLiteBehavior [ RunTime:0.000039s ]
INFO: [ app_init ] --END-- [ RunTime:0.000523s ]
INFO: [ app_begin ] --START--
INFO: Run Behavior\ReadHtmlCacheBehavior [ RunTime:0.000550s ]
INFO: [ app_begin ] --END-- [ RunTime:0.000718s ]
SQL: SHOW COLUMNS FROM `tp_user` [ RunTime:0.0068s ]
SQL: SELECT * FROM `tp_user` WHERE `user_name` = 'xiaoli' AND `user_pwd` = '202cb962ac59075b964b07152d234b70' LIMIT 1   [ RunTime:0.0007s ]

[ 2018-02-07T15:55:56+08:00 ] 127.0.0.1 /index.php/Home/Index/index.html
INFO: [ app_init ] --START--
INFO: Run Behavior\BuildLiteBehavior [ RunTime:0.000024s ]
INFO: [ app_init ] --END-- [ RunTime:0.000345s ]
INFO: [ app_begin ] --START--
INFO: Run Behavior\ReadHtmlCacheBehavior [ RunTime:0.000543s ]
INFO: [ app_begin ] --END-- [ RunTime:0.000719s ]
SQL: SHOW COLUMNS FROM `tp_category` [ RunTime:0.0488s ]
SQL: SELECT * FROM `tp_category` WHERE `cat_level` = 0  [ RunTime:0.0003s ]
SQL: SELECT * FROM `tp_category` WHERE `cat_level` = 1  [ RunTime:0.0003s ]
SQL: SELECT * FROM `tp_category` WHERE `cat_level` = 2  [ RunTime:0.0002s ]
INFO: [ view_parse ] --START--
NOTIC: [2] file_get_contents(./Application/Home/View/Pub/navigator.html): failed to open stream: No such file or directory D:\php02\ThinkPHP\Library\Think\Template.class.php 第 696 行.
INFO: [ template_filter ] --START--
INFO: Run Behavior\ContentReplaceBehavior [ RunTime:0.000220s ]
INFO: [ template_filter ] --END-- [ RunTime:0.000358s ]
INFO: Run Behavior\ParseTemplateBehavior [ RunTime:0.066080s ]
INFO: [ view_parse ] --END-- [ RunTime:0.066220s ]
INFO: [ view_filter ] --START--
INFO: Run Behavior\WriteHtmlCacheBehavior [ RunTime:0.000206s ]
INFO: [ view_filter ] --END-- [ RunTime:0.000298s ]
INFO: [ app_end ] --START--
INFO: Run Behavior\ShowPageTraceBehavior [ RunTime:0.000434s ]
INFO: [ app_end ] --END-- [ RunTime:0.000556s ]

[ 2018-02-07T19:50:39+08:00 ] 127.0.0.1 /index.php/Home/Index/index.html
INFO: [ app_init ] --START--
INFO: Run Behavior\BuildLiteBehavior [ RunTime:0.000103s ]
INFO: [ app_init ] --END-- [ RunTime:0.003698s ]
INFO: [ app_begin ] --START--
INFO: Run Behavior\ReadHtmlCacheBehavior [ RunTime:0.002299s ]
INFO: [ app_begin ] --END-- [ RunTime:0.002777s ]
SQL: SHOW COLUMNS FROM `tp_category` [ RunTime:0.0752s ]
SQL: SELECT * FROM `tp_category` WHERE `cat_level` = 0  [ RunTime:0.0194s ]
SQL: SELECT * FROM `tp_category` WHERE `cat_level` = 1  [ RunTime:0.0008s ]
SQL: SELECT * FROM `tp_category` WHERE `cat_level` = 2  [ RunTime:0.0012s ]
INFO: [ view_parse ] --START--
NOTIC: [2] file_get_contents(./Application/Home/View/Pub/navigator.html): failed to open stream: No such file or directory D:\php02\ThinkPHP\Library\Think\Template.class.php 第 696 行.
INFO: [ template_filter ] --START--
INFO: Run Behavior\ContentReplaceBehavior [ RunTime:0.002057s ]
INFO: [ template_filter ] --END-- [ RunTime:0.002456s ]
INFO: Run Behavior\ParseTemplateBehavior [ RunTime:0.187618s ]
INFO: [ view_parse ] --END-- [ RunTime:0.188060s ]
INFO: [ view_filter ] --START--
INFO: Run Behavior\WriteHtmlCacheBehavior [ RunTime:0.006538s ]
INFO: [ view_filter ] --END-- [ RunTime:0.006866s ]
INFO: [ app_end ] --START--
INFO: Run Behavior\ShowPageTraceBehavior [ RunTime:0.001743s ]
INFO: [ app_end ] --END-- [ RunTime:0.002111s ]

[ 2018-02-07T19:50:51+08:00 ] 127.0.0.1 /index.php/Home/goods/showlist
INFO: [ app_init ] --START--
INFO: Run Behavior\BuildLiteBehavior [ RunTime:0.000024s ]
INFO: [ app_init ] --END-- [ RunTime:0.000375s ]
INFO: [ app_begin ] --START--
INFO: Run Behavior\ReadHtmlCacheBehavior [ RunTime:0.000408s ]
INFO: [ app_begin ] --END-- [ RunTime:0.000526s ]
SQL: SHOW COLUMNS FROM `tp_category` [ RunTime:0.0054s ]
SQL: SELECT * FROM `tp_category` WHERE `cat_level` = 0  [ RunTime:0.0003s ]
SQL: SELECT * FROM `tp_category` WHERE `cat_level` = 1  [ RunTime:0.0002s ]
SQL: SELECT * FROM `tp_category` WHERE `cat_level` = 2  [ RunTime:0.0003s ]
SQL: SHOW COLUMNS FROM `tp_goods` [ RunTime:0.0848s ]
SQL: SELECT * FROM `tp_category` WHERE `cat_id` = 0 LIMIT 1   [ RunTime:0.0014s ]
SQL: SELECT `cat_id` FROM `tp_category` WHERE ( cat_path like '%' )  [ RunTime:0.0014s ]
SQL: select goods_id from tp_goods where cat_id in (1,2,3,4,5,6,7,8,9,10,11,12,13,14,15) union select goods_id from tp_goods_cat where cat_id in (1,2,3,4,5,6,7,8,9,10,11,12,13,14,15) [ RunTime:0.0366s ]
SQL: SELECT * FROM `tp_goods` WHERE `is_del` = '不删除' AND `is_sale` = '上架' AND `goods_id` IN ('22','23') ORDER BY goods_id desc  [ RunTime:0.0014s ]
INFO: [ view_parse ] --START--
NOTIC: [2] file_get_contents(./Application/Home/View/Pub/navigator.html): failed to open stream: No such file or directory D:\php02\ThinkPHP\Library\Think\Template.class.php 第 696 行.
INFO: [ template_filter ] --START--
INFO: Run Behavior\ContentReplaceBehavior [ RunTime:0.000232s ]
INFO: [ template_filter ] --END-- [ RunTime:0.000405s ]
INFO: Run Behavior\ParseTemplateBehavior [ RunTime:0.047109s ]
INFO: [ view_parse ] --END-- [ RunTime:0.047340s ]
INFO: [ view_filter ] --START--
INFO: Run Behavior\WriteHtmlCacheBehavior [ RunTime:0.000455s ]
INFO: [ view_filter ] --END-- [ RunTime:0.000600s ]
INFO: [ app_end ] --START--
INFO: Run Behavior\ShowPageTraceBehavior [ RunTime:0.000683s ]
INFO: [ app_end ] --END-- [ RunTime:0.000885s ]

[ 2018-02-07T19:50:51+08:00 ] 127.0.0.1 /index.php/Home/goods/acer4739.jpg
INFO: [ app_init ] --START--
INFO: Run Behavior\BuildLiteBehavior [ RunTime:0.000023s ]
INFO: [ app_init ] --END-- [ RunTime:0.000313s ]

[ 2018-02-07T19:50:51+08:00 ] 127.0.0.1 /index.php/Home/goods/list_hot3.jpg
INFO: [ app_init ] --START--
INFO: Run Behavior\BuildLiteBehavior [ RunTime:0.000038s ]
INFO: [ app_init ] --END-- [ RunTime:0.000521s ]

[ 2018-02-07T19:50:51+08:00 ] 127.0.0.1 /index.php/Home/goods/hpG4.jpg
INFO: [ app_init ] --START--
INFO: Run Behavior\BuildLiteBehavior [ RunTime:0.000042s ]
INFO: [ app_init ] --END-- [ RunTime:0.000553s ]

[ 2018-02-07T19:50:51+08:00 ] 127.0.0.1 /index.php/Home/goods/crazy4.jpg
INFO: [ app_init ] --START--
INFO: Run Behavior\BuildLiteBehavior [ RunTime:0.000049s ]
INFO: [ app_init ] --END-- [ RunTime:0.000664s ]

[ 2018-02-07T19:50:51+08:00 ] 127.0.0.1 /index.php/Home/goods/list_hot2.jpg
INFO: [ app_init ] --START--
INFO: Run Behavior\BuildLiteBehavior [ RunTime:0.000039s ]
INFO: [ app_init ] --END-- [ RunTime:0.000568s ]

[ 2018-02-07T19:53:31+08:00 ] 127.0.0.1 /index.php/Home/goods/showlist
INFO: [ app_init ] --START--
INFO: Run Behavior\BuildLiteBehavior [ RunTime:0.000038s ]
INFO: [ app_init ] --END-- [ RunTime:0.000617s ]
INFO: [ app_begin ] --START--
INFO: Run Behavior\ReadHtmlCacheBehavior [ RunTime:0.000647s ]
INFO: [ app_begin ] --END-- [ RunTime:0.000792s ]
SQL: SHOW COLUMNS FROM `tp_category` [ RunTime:0.0081s ]
SQL: SELECT * FROM `tp_category` WHERE `cat_level` = 0  [ RunTime:0.0003s ]
SQL: SELECT * FROM `tp_category` WHERE `cat_level` = 1  [ RunTime:0.0002s ]
SQL: SELECT * FROM `tp_category` WHERE `cat_level` = 2  [ RunTime:0.0002s ]
SQL: SHOW COLUMNS FROM `tp_goods` [ RunTime:0.0053s ]
SQL: SELECT * FROM `tp_category` WHERE `cat_id` = 0 LIMIT 1   [ RunTime:0.0002s ]
SQL: SELECT `cat_id` FROM `tp_category` WHERE ( cat_path like '%' )  [ RunTime:0.0002s ]
SQL: select goods_id from tp_goods where cat_id in (1,2,3,4,5,6,7,8,9,10,11,12,13,14,15) union select goods_id from tp_goods_cat where cat_id in (1,2,3,4,5,6,7,8,9,10,11,12,13,14,15) [ RunTime:0.0009s ]
SQL: SELECT * FROM `tp_goods` WHERE `is_del` = '不删除' AND `is_sale` = '上架' AND `goods_id` IN ('22','23') ORDER BY goods_id desc  [ RunTime:0.0003s ]
INFO: [ view_parse ] --START--
NOTIC: [2] file_get_contents(./Application/Home/View/Pub/navigator.html): failed to open stream: No such file or directory D:\php02\ThinkPHP\Library\Think\Template.class.php 第 696 行.
INFO: [ template_filter ] --START--
INFO: Run Behavior\ContentReplaceBehavior [ RunTime:0.000131s ]
INFO: [ template_filter ] --END-- [ RunTime:0.000229s ]
INFO: Run Behavior\ParseTemplateBehavior [ RunTime:0.018089s ]
INFO: [ view_parse ] --END-- [ RunTime:0.018227s ]
INFO: [ view_filter ] --START--
INFO: Run Behavior\WriteHtmlCacheBehavior [ RunTime:0.000385s ]
INFO: [ view_filter ] --END-- [ RunTime:0.000522s ]
INFO: [ app_end ] --START--
INFO: Run Behavior\ShowPageTraceBehavior [ RunTime:0.000496s ]
INFO: [ app_end ] --END-- [ RunTime:0.000644s ]

[ 2018-02-07T19:53:31+08:00 ] 127.0.0.1 /index.php/Home/goods/list_hot2.jpg
INFO: [ app_init ] --START--
INFO: Run Behavior\BuildLiteBehavior [ RunTime:0.000024s ]
INFO: [ app_init ] --END-- [ RunTime:0.000420s ]

[ 2018-02-07T19:53:31+08:00 ] 127.0.0.1 /index.php/Home/goods/list_hot3.jpg
INFO: [ app_init ] --START--
INFO: Run Behavior\BuildLiteBehavior [ RunTime:0.000022s ]
INFO: [ app_init ] --END-- [ RunTime:0.000305s ]

[ 2018-02-07T19:53:31+08:00 ] 127.0.0.1 /index.php/Home/goods/hpG4.jpg
INFO: [ app_init ] --START--
INFO: Run Behavior\BuildLiteBehavior [ RunTime:0.000023s ]
INFO: [ app_init ] --END-- [ RunTime:0.000328s ]

[ 2018-02-07T19:53:31+08:00 ] 127.0.0.1 /index.php/Home/goods/crazy4.jpg
INFO: [ app_init ] --START--
INFO: Run Behavior\BuildLiteBehavior [ RunTime:0.000037s ]
INFO: [ app_init ] --END-- [ RunTime:0.000437s ]

[ 2018-02-07T19:53:31+08:00 ] 127.0.0.1 /index.php/Home/goods/acer4739.jpg
INFO: [ app_init ] --START--
INFO: Run Behavior\BuildLiteBehavior [ RunTime:0.000036s ]
INFO: [ app_init ] --END-- [ RunTime:0.000490s ]

[ 2018-02-07T19:53:31+08:00 ] 127.0.0.1 /index.php/Home/goods/hpG4.jpg
INFO: [ app_init ] --START--
INFO: Run Behavior\BuildLiteBehavior [ RunTime:0.000022s ]
INFO: [ app_init ] --END-- [ RunTime:0.000322s ]

[ 2018-02-07T19:53:31+08:00 ] 127.0.0.1 /index.php/Home/goods/list_hot3.jpg
INFO: [ app_init ] --START--
INFO: Run Behavior\BuildLiteBehavior [ RunTime:0.000036s ]
INFO: [ app_init ] --END-- [ RunTime:0.000629s ]

[ 2018-02-07T20:08:41+08:00 ] 127.0.0.1 /
INFO: [ app_init ] --START--
INFO: Run Behavior\BuildLiteBehavior [ RunTime:0.000086s ]
INFO: [ app_init ] --END-- [ RunTime:0.001726s ]
INFO: [ app_begin ] --START--
INFO: Run Behavior\ReadHtmlCacheBehavior [ RunTime:0.001075s ]
INFO: [ app_begin ] --END-- [ RunTime:0.001306s ]
SQL: SHOW COLUMNS FROM `tp_category` [ RunTime:0.0091s ]
SQL: SELECT * FROM `tp_category` WHERE `cat_level` = 0  [ RunTime:0.0003s ]
SQL: SELECT * FROM `tp_category` WHERE `cat_level` = 1  [ RunTime:0.0002s ]
SQL: SELECT * FROM `tp_category` WHERE `cat_level` = 2  [ RunTime:0.0002s ]
INFO: [ view_parse ] --START--
NOTIC: [2] file_get_contents(./Application/Home/View/Pub/navigator.html): failed to open stream: No such file or directory D:\php02\ThinkPHP\Library\Think\Template.class.php 第 696 行.
INFO: [ template_filter ] --START--
INFO: Run Behavior\ContentReplaceBehavior [ RunTime:0.000318s ]
INFO: [ template_filter ] --END-- [ RunTime:0.000497s ]
INFO: Run Behavior\ParseTemplateBehavior [ RunTime:0.032160s ]
INFO: [ view_parse ] --END-- [ RunTime:0.032272s ]
INFO: [ view_filter ] --START--
INFO: Run Behavior\WriteHtmlCacheBehavior [ RunTime:0.000307s ]
INFO: [ view_filter ] --END-- [ RunTime:0.000395s ]
INFO: [ app_end ] --START--
INFO: Run Behavior\ShowPageTraceBehavior [ RunTime:0.000756s ]
INFO: [ app_end ] --END-- [ RunTime:0.000925s ]

[ 2018-02-07T20:18:29+08:00 ] 127.0.0.1 /index.php/Home/goods/showlist
INFO: [ app_init ] --START--
INFO: Run Behavior\BuildLiteBehavior [ RunTime:0.000029s ]
INFO: [ app_init ] --END-- [ RunTime:0.000490s ]
INFO: [ app_begin ] --START--
INFO: Run Behavior\ReadHtmlCacheBehavior [ RunTime:0.000369s ]
INFO: [ app_begin ] --END-- [ RunTime:0.000480s ]
SQL: SHOW COLUMNS FROM `tp_category` [ RunTime:0.0079s ]
SQL: SELECT * FROM `tp_category` WHERE `cat_level` = 0  [ RunTime:0.0003s ]
SQL: SELECT * FROM `tp_category` WHERE `cat_level` = 1  [ RunTime:0.0002s ]
SQL: SELECT * FROM `tp_category` WHERE `cat_level` = 2  [ RunTime:0.0007s ]
SQL: SHOW COLUMNS FROM `tp_goods` [ RunTime:0.0073s ]
SQL: SELECT * FROM `tp_category` WHERE `cat_id` = 0 LIMIT 1   [ RunTime:0.0006s ]
SQL: SELECT `cat_id` FROM `tp_category` WHERE ( cat_path like '%' )  [ RunTime:0.0006s ]
SQL: select goods_id from tp_goods where cat_id in (1,2,3,4,5,6,7,8,9,10,11,12,13,14,15) union select goods_id from tp_goods_cat where cat_id in (1,2,3,4,5,6,7,8,9,10,11,12,13,14,15) [ RunTime:0.0009s ]
SQL: SELECT * FROM `tp_goods` WHERE `is_del` = 'no' AND `is_sale` = 'up' AND `goods_id` IN ('22','23') ORDER BY goods_id desc  [ RunTime:0.0003s ]
INFO: [ view_parse ] --START--
NOTIC: [2] file_get_contents(./Application/Home/View/Pub/navigator.html): failed to open stream: No such file or directory D:\php02\ThinkPHP\Library\Think\Template.class.php 第 696 行.
INFO: [ template_filter ] --START--
INFO: Run Behavior\ContentReplaceBehavior [ RunTime:0.000157s ]
INFO: [ template_filter ] --END-- [ RunTime:0.000300s ]
INFO: Run Behavior\ParseTemplateBehavior [ RunTime:0.021080s ]
INFO: [ view_parse ] --END-- [ RunTime:0.021208s ]
INFO: [ view_filter ] --START--
INFO: Run Behavior\WriteHtmlCacheBehavior [ RunTime:0.000273s ]
INFO: [ view_filter ] --END-- [ RunTime:0.000371s ]
INFO: [ app_end ] --START--
INFO: Run Behavior\ShowPageTraceBehavior [ RunTime:0.000434s ]
INFO: [ app_end ] --END-- [ RunTime:0.000591s ]

[ 2018-02-07T20:18:29+08:00 ] 127.0.0.1 /index.php/Home/goods/list_hot2.jpg
INFO: [ app_init ] --START--
INFO: Run Behavior\BuildLiteBehavior [ RunTime:0.000040s ]
INFO: [ app_init ] --END-- [ RunTime:0.000544s ]

[ 2018-02-07T20:18:29+08:00 ] 127.0.0.1 /index.php/Home/goods/list_hot3.jpg
INFO: [ app_init ] --START--
INFO: Run Behavior\BuildLiteBehavior [ RunTime:0.000024s ]
INFO: [ app_init ] --END-- [ RunTime:0.000324s ]

[ 2018-02-07T20:18:29+08:00 ] 127.0.0.1 /index.php/Home/goods/hpG4.jpg
INFO: [ app_init ] --START--
INFO: Run Behavior\BuildLiteBehavior [ RunTime:0.000040s ]
INFO: [ app_init ] --END-- [ RunTime:0.000529s ]

[ 2018-02-07T20:18:29+08:00 ] 127.0.0.1 /index.php/Home/goods/crazy4.jpg
INFO: [ app_init ] --START--
INFO: Run Behavior\BuildLiteBehavior [ RunTime:0.000044s ]
INFO: [ app_init ] --END-- [ RunTime:0.000624s ]

[ 2018-02-07T20:18:29+08:00 ] 127.0.0.1 /index.php/Home/goods/acer4739.jpg
INFO: [ app_init ] --START--
INFO: Run Behavior\BuildLiteBehavior [ RunTime:0.000023s ]
INFO: [ app_init ] --END-- [ RunTime:0.000324s ]

[ 2018-02-07T20:18:29+08:00 ] 127.0.0.1 /index.php/Home/goods/hpG4.jpg
INFO: [ app_init ] --START--
INFO: Run Behavior\BuildLiteBehavior [ RunTime:0.000036s ]
INFO: [ app_init ] --END-- [ RunTime:0.000574s ]

[ 2018-02-07T20:18:29+08:00 ] 127.0.0.1 /index.php/Home/goods/list_hot3.jpg
INFO: [ app_init ] --START--
INFO: Run Behavior\BuildLiteBehavior [ RunTime:0.000038s ]
INFO: [ app_init ] --END-- [ RunTime:0.000575s ]

[ 2018-02-07T20:19:17+08:00 ] 127.0.0.1 /index.php/Home/goods/showlist
INFO: [ app_init ] --START--
INFO: Run Behavior\BuildLiteBehavior [ RunTime:0.000042s ]
INFO: [ app_init ] --END-- [ RunTime:0.000571s ]
INFO: [ app_begin ] --START--
INFO: Run Behavior\ReadHtmlCacheBehavior [ RunTime:0.000822s ]
INFO: [ app_begin ] --END-- [ RunTime:0.001027s ]
SQL: SHOW COLUMNS FROM `tp_category` [ RunTime:0.0083s ]
SQL: SELECT * FROM `tp_category` WHERE `cat_level` = 0  [ RunTime:0.0003s ]
SQL: SELECT * FROM `tp_category` WHERE `cat_level` = 1  [ RunTime:0.0003s ]
SQL: SELECT * FROM `tp_category` WHERE `cat_level` = 2  [ RunTime:0.0016s ]
SQL: SHOW COLUMNS FROM `tp_goods` [ RunTime:0.0087s ]
SQL: SELECT * FROM `tp_category` WHERE `cat_id` = 0 LIMIT 1   [ RunTime:0.0003s ]
SQL: SELECT `cat_id` FROM `tp_category` WHERE ( cat_path like '%' )  [ RunTime:0.0003s ]
SQL: select goods_id from tp_goods where cat_id in (1,2,3,4,5,6,7,8,9,10,11,12,13,14,15) union select goods_id from tp_goods_cat where cat_id in (1,2,3,4,5,6,7,8,9,10,11,12,13,14,15) [ RunTime:0.0007s ]
SQL: SELECT * FROM `tp_goods` WHERE `is_del` = 'no' AND `is_sale` = 'up' AND `goods_id` IN ('22','23') ORDER BY goods_id desc  [ RunTime:0.0003s ]
INFO: [ view_parse ] --START--
NOTIC: [2] file_get_contents(./Application/Home/View/Pub/navigator.html): failed to open stream: No such file or directory D:\php02\ThinkPHP\Library\Think\Template.class.php 第 696 行.
INFO: [ template_filter ] --START--
INFO: Run Behavior\ContentReplaceBehavior [ RunTime:0.000148s ]
INFO: [ template_filter ] --END-- [ RunTime:0.000266s ]
INFO: Run Behavior\ParseTemplateBehavior [ RunTime:0.020303s ]
INFO: [ view_parse ] --END-- [ RunTime:0.020443s ]
INFO: [ view_filter ] --START--
INFO: Run Behavior\WriteHtmlCacheBehavior [ RunTime:0.000257s ]
INFO: [ view_filter ] --END-- [ RunTime:0.000342s ]
INFO: [ app_end ] --START--
INFO: Run Behavior\ShowPageTraceBehavior [ RunTime:0.000469s ]
INFO: [ app_end ] --END-- [ RunTime:0.000610s ]

[ 2018-02-07T20:19:22+08:00 ] 127.0.0.1 /index.php/Home/goods/showlist
INFO: [ app_init ] --START--
INFO: Run Behavior\BuildLiteBehavior [ RunTime:0.000027s ]
INFO: [ app_init ] --END-- [ RunTime:0.000380s ]
INFO: [ app_begin ] --START--
INFO: Run Behavior\ReadHtmlCacheBehavior [ RunTime:0.000379s ]
INFO: [ app_begin ] --END-- [ RunTime:0.000491s ]
SQL: SHOW COLUMNS FROM `tp_category` [ RunTime:0.0073s ]
SQL: SELECT * FROM `tp_category` WHERE `cat_level` = 0  [ RunTime:0.0005s ]
SQL: SELECT * FROM `tp_category` WHERE `cat_level` = 1  [ RunTime:0.0002s ]
SQL: SELECT * FROM `tp_category` WHERE `cat_level` = 2  [ RunTime:0.0002s ]
SQL: SHOW COLUMNS FROM `tp_goods` [ RunTime:0.0060s ]
SQL: SELECT * FROM `tp_category` WHERE `cat_id` = 0 LIMIT 1   [ RunTime:0.0002s ]
SQL: SELECT `cat_id` FROM `tp_category` WHERE ( cat_path like '%' )  [ RunTime:0.0002s ]
SQL: select goods_id from tp_goods where cat_id in (1,2,3,4,5,6,7,8,9,10,11,12,13,14,15) union select goods_id from tp_goods_cat where cat_id in (1,2,3,4,5,6,7,8,9,10,11,12,13,14,15) [ RunTime:0.0007s ]
SQL: SELECT * FROM `tp_goods` WHERE `is_del` = 'no' AND `is_sale` = 'up' AND `goods_id` IN ('22','23') ORDER BY goods_id desc  [ RunTime:0.0003s ]
INFO: [ view_parse ] --START--
NOTIC: [2] file_get_contents(./Application/Home/View/Pub/navigator.html): failed to open stream: No such file or directory D:\php02\ThinkPHP\Library\Think\Template.class.php 第 696 行.
INFO: [ template_filter ] --START--
INFO: Run Behavior\ContentReplaceBehavior [ RunTime:0.000140s ]
INFO: [ template_filter ] --END-- [ RunTime:0.000250s ]
INFO: Run Behavior\ParseTemplateBehavior [ RunTime:0.018280s ]
INFO: [ view_parse ] --END-- [ RunTime:0.018426s ]
INFO: [ view_filter ] --START--
INFO: Run Behavior\WriteHtmlCacheBehavior [ RunTime:0.000200s ]
INFO: [ view_filter ] --END-- [ RunTime:0.000283s ]
INFO: [ app_end ] --START--
INFO: Run Behavior\ShowPageTraceBehavior [ RunTime:0.000384s ]
INFO: [ app_end ] --END-- [ RunTime:0.000484s ]

[ 2018-02-07T20:19:24+08:00 ] 127.0.0.1 /index.php/Home/goods/showlist
INFO: [ app_init ] --START--
INFO: Run Behavior\BuildLiteBehavior [ RunTime:0.000026s ]
INFO: [ app_init ] --END-- [ RunTime:0.000357s ]
INFO: [ app_begin ] --START--
INFO: Run Behavior\ReadHtmlCacheBehavior [ RunTime:0.000687s ]
INFO: [ app_begin ] --END-- [ RunTime:0.000876s ]
SQL: SHOW COLUMNS FROM `tp_category` [ RunTime:0.0080s ]
SQL: SELECT * FROM `tp_category` WHERE `cat_level` = 0  [ RunTime:0.0003s ]
SQL: SELECT * FROM `tp_category` WHERE `cat_level` = 1  [ RunTime:0.0002s ]
SQL: SELECT * FROM `tp_category` WHERE `cat_level` = 2  [ RunTime:0.0002s ]
SQL: SHOW COLUMNS FROM `tp_goods` [ RunTime:0.0065s ]
SQL: SELECT * FROM `tp_category` WHERE `cat_id` = 0 LIMIT 1   [ RunTime:0.0003s ]
SQL: SELECT `cat_id` FROM `tp_category` WHERE ( cat_path like '%' )  [ RunTime:0.0002s ]
SQL: select goods_id from tp_goods where cat_id in (1,2,3,4,5,6,7,8,9,10,11,12,13,14,15) union select goods_id from tp_goods_cat where cat_id in (1,2,3,4,5,6,7,8,9,10,11,12,13,14,15) [ RunTime:0.0008s ]
SQL: SELECT * FROM `tp_goods` WHERE `is_del` = 'no' AND `is_sale` = 'up' AND `goods_id` IN ('22','23') ORDER BY goods_id desc  [ RunTime:0.0003s ]
INFO: [ view_parse ] --START--
NOTIC: [2] file_get_contents(./Application/Home/View/Pub/navigator.html): failed to open stream: No such file or directory D:\php02\ThinkPHP\Library\Think\Template.class.php 第 696 行.
INFO: [ template_filter ] --START--
INFO: Run Behavior\ContentReplaceBehavior [ RunTime:0.000160s ]
INFO: [ template_filter ] --END-- [ RunTime:0.000259s ]
INFO: Run Behavior\ParseTemplateBehavior [ RunTime:0.018839s ]
INFO: [ view_parse ] --END-- [ RunTime:0.018976s ]
INFO: [ view_filter ] --START--
INFO: Run Behavior\WriteHtmlCacheBehavior [ RunTime:0.000224s ]
INFO: [ view_filter ] --END-- [ RunTime:0.000311s ]
INFO: [ app_end ] --START--
INFO: Run Behavior\ShowPageTraceBehavior [ RunTime:0.000433s ]
INFO: [ app_end ] --END-- [ RunTime:0.000569s ]

[ 2018-02-07T20:19:37+08:00 ] 127.0.0.1 /index.php/Home/goods/showlist
INFO: [ app_init ] --START--
INFO: Run Behavior\BuildLiteBehavior [ RunTime:0.000031s ]
INFO: [ app_init ] --END-- [ RunTime:0.000367s ]
INFO: [ app_begin ] --START--
INFO: Run Behavior\ReadHtmlCacheBehavior [ RunTime:0.000302s ]
INFO: [ app_begin ] --END-- [ RunTime:0.000406s ]
SQL: SHOW COLUMNS FROM `tp_category` [ RunTime:0.0079s ]
SQL: SELECT * FROM `tp_category` WHERE `cat_level` = 0  [ RunTime:0.0003s ]
SQL: SELECT * FROM `tp_category` WHERE `cat_level` = 1  [ RunTime:0.0002s ]
SQL: SELECT * FROM `tp_category` WHERE `cat_level` = 2  [ RunTime:0.0001s ]
SQL: SHOW COLUMNS FROM `tp_goods` [ RunTime:0.0079s ]
SQL: SELECT * FROM `tp_category` WHERE `cat_id` = 0 LIMIT 1   [ RunTime:0.0002s ]
SQL: SELECT `cat_id` FROM `tp_category` WHERE ( cat_path like '%' )  [ RunTime:0.0002s ]
SQL: select goods_id from tp_goods where cat_id in (1,2,3,4,5,6,7,8,9,10,11,12,13,14,15) union select goods_id from tp_goods_cat where cat_id in (1,2,3,4,5,6,7,8,9,10,11,12,13,14,15) [ RunTime:0.0008s ]
SQL: SELECT * FROM `tp_goods` WHERE `is_del` = 'no' AND `is_sale` = 'up' AND `goods_id` IN ('20','22','23') ORDER BY goods_id desc  [ RunTime:0.0003s ]
INFO: [ view_parse ] --START--
NOTIC: [2] file_get_contents(./Application/Home/View/Pub/navigator.html): failed to open stream: No such file or directory D:\php02\ThinkPHP\Library\Think\Template.class.php 第 696 行.
INFO: [ template_filter ] --START--
INFO: Run Behavior\ContentReplaceBehavior [ RunTime:0.000140s ]
INFO: [ template_filter ] --END-- [ RunTime:0.000239s ]
INFO: Run Behavior\ParseTemplateBehavior [ RunTime:0.019305s ]
INFO: [ view_parse ] --END-- [ RunTime:0.019408s ]
INFO: [ view_filter ] --START--
INFO: Run Behavior\WriteHtmlCacheBehavior [ RunTime:0.000198s ]
INFO: [ view_filter ] --END-- [ RunTime:0.000280s ]
INFO: [ app_end ] --START--
INFO: Run Behavior\ShowPageTraceBehavior [ RunTime:0.000382s ]
INFO: [ app_end ] --END-- [ RunTime:0.000480s ]

