[ 2018-02-10T18:40:33+08:00 ] 127.0.0.1 /index.php/home/user/login
INFO: [ app_init ] --START--
INFO: Run Behavior\BuildLiteBehavior [ RunTime:0.000084s ]
INFO: [ app_init ] --END-- [ RunTime:0.004333s ]
INFO: [ app_begin ] --START--
INFO: Run Behavior\ReadHtmlCacheBehavior [ RunTime:0.001283s ]
INFO: [ app_begin ] --END-- [ RunTime:0.001519s ]
INFO: [ view_parse ] --START--
INFO: [ template_filter ] --START--
INFO: Run Behavior\ContentReplaceBehavior [ RunTime:0.006047s ]
INFO: [ template_filter ] --END-- [ RunTime:0.006277s ]
INFO: Run Behavior\ParseTemplateBehavior [ RunTime:0.066760s ]
INFO: [ view_parse ] --END-- [ RunTime:0.067088s ]
INFO: [ view_filter ] --START--
INFO: Run Behavior\WriteHtmlCacheBehavior [ RunTime:0.002622s ]
INFO: [ view_filter ] --END-- [ RunTime:0.003083s ]
INFO: [ app_end ] --START--
INFO: Run Behavior\ShowPageTraceBehavior [ RunTime:0.001332s ]
INFO: [ app_end ] --END-- [ RunTime:0.001725s ]

[ 2018-02-10T18:40:41+08:00 ] 127.0.0.1 /index.php/Home/Index/index.html
INFO: [ app_init ] --START--
INFO: Run Behavior\BuildLiteBehavior [ RunTime:0.000041s ]
INFO: [ app_init ] --END-- [ RunTime:0.000744s ]
INFO: [ app_begin ] --START--
INFO: Run Behavior\ReadHtmlCacheBehavior [ RunTime:0.001117s ]
INFO: [ app_begin ] --END-- [ RunTime:0.001379s ]
SQL: SHOW COLUMNS FROM `tp_category` [ RunTime:0.0687s ]
SQL: SELECT * FROM `tp_category` WHERE `cat_level` = 0  [ RunTime:0.0015s ]
SQL: SELECT * FROM `tp_category` WHERE `cat_level` = 1  [ RunTime:0.0002s ]
SQL: SELECT * FROM `tp_category` WHERE `cat_level` = 2  [ RunTime:0.0002s ]
INFO: [ view_parse ] --START--
NOTIC: [2] file_get_contents(./Application/Home/View/Pub/navigator.html): failed to open stream: No such file or directory D:\php02\ThinkPHP\Library\Think\Template.class.php 第 696 行.
INFO: [ template_filter ] --START--
INFO: Run Behavior\ContentReplaceBehavior [ RunTime:0.013751s ]
INFO: [ template_filter ] --END-- [ RunTime:0.014038s ]
INFO: Run Behavior\ParseTemplateBehavior [ RunTime:0.101002s ]
INFO: [ view_parse ] --END-- [ RunTime:0.101174s ]
INFO: [ view_filter ] --START--
INFO: Run Behavior\WriteHtmlCacheBehavior [ RunTime:0.000460s ]
INFO: [ view_filter ] --END-- [ RunTime:0.000604s ]
INFO: [ app_end ] --START--
INFO: Run Behavior\ShowPageTraceBehavior [ RunTime:0.001016s ]
INFO: [ app_end ] --END-- [ RunTime:0.001257s ]

[ 2018-02-10T18:40:45+08:00 ] 127.0.0.1 /index.php/Home/Goods/showlist/cat_id/12.html
INFO: [ app_init ] --START--
INFO: Run Behavior\BuildLiteBehavior [ RunTime:0.000040s ]
INFO: [ app_init ] --END-- [ RunTime:0.000558s ]
INFO: [ app_begin ] --START--
INFO: Run Behavior\ReadHtmlCacheBehavior [ RunTime:0.000969s ]
INFO: [ app_begin ] --END-- [ RunTime:0.001294s ]
SQL: SHOW COLUMNS FROM `tp_category` [ RunTime:0.0243s ]
SQL: SELECT * FROM `tp_category` WHERE `cat_level` = 0  [ RunTime:0.0004s ]
SQL: SELECT * FROM `tp_category` WHERE `cat_level` = 1  [ RunTime:0.0003s ]
SQL: SELECT * FROM `tp_category` WHERE `cat_level` = 2  [ RunTime:0.0006s ]
SQL: SHOW COLUMNS FROM `tp_goods` [ RunTime:0.0493s ]
SQL: SELECT * FROM `tp_category` WHERE `cat_id` = 12 LIMIT 1   [ RunTime:0.0021s ]
SQL: SELECT `cat_id` FROM `tp_category` WHERE ( cat_path like '2-11-12%' )  [ RunTime:0.0053s ]
SQL: select goods_id from tp_goods where cat_id in (12) union select goods_id from tp_goods_cat where cat_id in (12) [ RunTime:0.0659s ]
SQL: SELECT * FROM `tp_goods` WHERE `is_del` = 'no' AND `is_sale` = 'up' AND `goods_id` IN ('') ORDER BY goods_id desc  [ RunTime:0.0141s ]
INFO: [ view_parse ] --START--
NOTIC: [2] file_get_contents(./Application/Home/View/Pub/navigator.html): failed to open stream: No such file or directory D:\php02\ThinkPHP\Library\Think\Template.class.php 第 696 行.
INFO: [ template_filter ] --START--
INFO: Run Behavior\ContentReplaceBehavior [ RunTime:0.000238s ]
INFO: [ template_filter ] --END-- [ RunTime:0.000416s ]
INFO: Run Behavior\ParseTemplateBehavior [ RunTime:0.067313s ]
INFO: [ view_parse ] --END-- [ RunTime:0.067783s ]
INFO: [ view_filter ] --START--
INFO: Run Behavior\WriteHtmlCacheBehavior [ RunTime:0.000582s ]
INFO: [ view_filter ] --END-- [ RunTime:0.000778s ]
INFO: [ app_end ] --START--
INFO: Run Behavior\ShowPageTraceBehavior [ RunTime:0.000707s ]
INFO: [ app_end ] --END-- [ RunTime:0.000935s ]

[ 2018-02-10T18:51:50+08:00 ] 127.0.0.1 /index.php/Home/Goods/showlist/cat_id/12.html
INFO: [ app_init ] --START--
INFO: Run Behavior\BuildLiteBehavior [ RunTime:0.000039s ]
INFO: [ app_init ] --END-- [ RunTime:0.000579s ]
INFO: [ app_begin ] --START--
INFO: Run Behavior\ReadHtmlCacheBehavior [ RunTime:0.001257s ]
INFO: [ app_begin ] --END-- [ RunTime:0.001453s ]
SQL: SHOW COLUMNS FROM `tp_category` [ RunTime:0.0128s ]
SQL: SELECT * FROM `tp_category` WHERE `cat_level` = 0  [ RunTime:0.0006s ]
SQL: SELECT * FROM `tp_category` WHERE `cat_level` = 1  [ RunTime:0.0004s ]
SQL: SELECT * FROM `tp_category` WHERE `cat_level` = 2  [ RunTime:0.0007s ]
SQL: SHOW COLUMNS FROM `tp_goods` [ RunTime:0.0127s ]
SQL: SELECT * FROM `tp_category` WHERE `cat_id` = 12 LIMIT 1   [ RunTime:0.0005s ]
SQL: SELECT `cat_id` FROM `tp_category` WHERE ( cat_path like '2-11-12%' )  [ RunTime:0.0005s ]
SQL: select goods_id from tp_goods where cat_id in (12) union select goods_id from tp_goods_cat where cat_id in (12) [ RunTime:0.0012s ]
SQL: SELECT * FROM `tp_goods` WHERE `is_del` = 'no' AND `is_sale` = 'up' AND `goods_id` IN ('') ORDER BY goods_id desc  [ RunTime:0.0007s ]
INFO: [ view_parse ] --START--
NOTIC: [2] file_get_contents(./Application/Home/View/Pub/navigator.html): failed to open stream: No such file or directory D:\php02\ThinkPHP\Library\Think\Template.class.php 第 696 行.
INFO: [ template_filter ] --START--
INFO: Run Behavior\ContentReplaceBehavior [ RunTime:0.000228s ]
INFO: [ template_filter ] --END-- [ RunTime:0.000401s ]
INFO: Run Behavior\ParseTemplateBehavior [ RunTime:0.036750s ]
INFO: [ view_parse ] --END-- [ RunTime:0.036946s ]
INFO: [ view_filter ] --START--
INFO: Run Behavior\WriteHtmlCacheBehavior [ RunTime:0.000983s ]
INFO: [ view_filter ] --END-- [ RunTime:0.001180s ]
INFO: [ app_end ] --START--
INFO: Run Behavior\ShowPageTraceBehavior [ RunTime:0.002418s ]
INFO: [ app_end ] --END-- [ RunTime:0.002961s ]

[ 2018-02-10T18:52:00+08:00 ] 127.0.0.1 /index.php/Home/Goods/showlist/cat_id/2.html
INFO: [ app_init ] --START--
INFO: Run Behavior\BuildLiteBehavior [ RunTime:0.000068s ]
INFO: [ app_init ] --END-- [ RunTime:0.001189s ]
INFO: [ app_begin ] --START--
INFO: Run Behavior\ReadHtmlCacheBehavior [ RunTime:0.000640s ]
INFO: [ app_begin ] --END-- [ RunTime:0.000822s ]
SQL: SHOW COLUMNS FROM `tp_category` [ RunTime:0.0144s ]
SQL: SELECT * FROM `tp_category` WHERE `cat_level` = 0  [ RunTime:0.0003s ]
SQL: SELECT * FROM `tp_category` WHERE `cat_level` = 1  [ RunTime:0.0004s ]
SQL: SELECT * FROM `tp_category` WHERE `cat_level` = 2  [ RunTime:0.0004s ]
SQL: SHOW COLUMNS FROM `tp_goods` [ RunTime:0.0153s ]
SQL: SELECT * FROM `tp_category` WHERE `cat_id` = 2 LIMIT 1   [ RunTime:0.0009s ]
SQL: SELECT `cat_id` FROM `tp_category` WHERE ( cat_path like '2%' )  [ RunTime:0.0008s ]
SQL: select goods_id from tp_goods where cat_id in (2,11,12,13) union select goods_id from tp_goods_cat where cat_id in (2,11,12,13) [ RunTime:0.0568s ]
SQL: SELECT * FROM `tp_goods` WHERE `is_del` = 'no' AND `is_sale` = 'up' AND `goods_id` IN ('20','22') ORDER BY goods_id desc  [ RunTime:0.0045s ]
INFO: [ view_parse ] --START--
NOTIC: [2] file_get_contents(./Application/Home/View/Pub/navigator.html): failed to open stream: No such file or directory D:\php02\ThinkPHP\Library\Think\Template.class.php 第 696 行.
INFO: [ template_filter ] --START--
INFO: Run Behavior\ContentReplaceBehavior [ RunTime:0.000225s ]
INFO: [ template_filter ] --END-- [ RunTime:0.000416s ]
INFO: Run Behavior\ParseTemplateBehavior [ RunTime:0.030033s ]
INFO: [ view_parse ] --END-- [ RunTime:0.030180s ]
INFO: [ view_filter ] --START--
INFO: Run Behavior\WriteHtmlCacheBehavior [ RunTime:0.000661s ]
INFO: [ view_filter ] --END-- [ RunTime:0.000799s ]
INFO: [ app_end ] --START--
INFO: Run Behavior\ShowPageTraceBehavior [ RunTime:0.001526s ]
INFO: [ app_end ] --END-- [ RunTime:0.001696s ]

[ 2018-02-10T18:58:24+08:00 ] 127.0.0.1 /index.php/Home/Goods/showlist/cat_id/3.html
INFO: [ app_init ] --START--
INFO: Run Behavior\BuildLiteBehavior [ RunTime:0.000039s ]
INFO: [ app_init ] --END-- [ RunTime:0.000629s ]
INFO: [ app_begin ] --START--
INFO: Run Behavior\ReadHtmlCacheBehavior [ RunTime:0.001244s ]
INFO: [ app_begin ] --END-- [ RunTime:0.001664s ]
SQL: SHOW COLUMNS FROM `tp_category` [ RunTime:0.0087s ]
SQL: SELECT * FROM `tp_category` WHERE `cat_level` = 0  [ RunTime:0.0007s ]
SQL: SELECT * FROM `tp_category` WHERE `cat_level` = 1  [ RunTime:0.0003s ]
SQL: SELECT * FROM `tp_category` WHERE `cat_level` = 2  [ RunTime:0.0003s ]
SQL: SHOW COLUMNS FROM `tp_goods` [ RunTime:0.0092s ]
SQL: SELECT * FROM `tp_category` WHERE `cat_id` = 3 LIMIT 1   [ RunTime:0.0002s ]
SQL: SELECT `cat_id` FROM `tp_category` WHERE ( cat_path like '3%' )  [ RunTime:0.0001s ]
SQL: select goods_id from tp_goods where cat_id in (3,14,15) union select goods_id from tp_goods_cat where cat_id in (3,14,15) [ RunTime:0.0007s ]
SQL: SELECT * FROM `tp_goods` WHERE `is_del` = 'no' AND `is_sale` = 'up' AND `goods_id` IN ('23') ORDER BY goods_id desc  [ RunTime:0.0005s ]
INFO: [ view_parse ] --START--
NOTIC: [2] file_get_contents(./Application/Home/View/Pub/navigator.html): failed to open stream: No such file or directory D:\php02\ThinkPHP\Library\Think\Template.class.php 第 696 行.
INFO: [ template_filter ] --START--
INFO: Run Behavior\ContentReplaceBehavior [ RunTime:0.000224s ]
INFO: [ template_filter ] --END-- [ RunTime:0.000442s ]
INFO: Run Behavior\ParseTemplateBehavior [ RunTime:0.031075s ]
INFO: [ view_parse ] --END-- [ RunTime:0.031190s ]
INFO: [ view_filter ] --START--
INFO: Run Behavior\WriteHtmlCacheBehavior [ RunTime:0.000409s ]
INFO: [ view_filter ] --END-- [ RunTime:0.000535s ]
INFO: [ app_end ] --START--
INFO: Run Behavior\ShowPageTraceBehavior [ RunTime:0.000863s ]
INFO: [ app_end ] --END-- [ RunTime:0.001490s ]

[ 2018-02-10T18:58:27+08:00 ] 127.0.0.1 /index.php/Home/Goods/showlist/cat_id/3.html
INFO: [ app_init ] --START--
INFO: Run Behavior\BuildLiteBehavior [ RunTime:0.000117s ]
INFO: [ app_init ] --END-- [ RunTime:0.001372s ]
INFO: [ app_begin ] --START--
INFO: Run Behavior\ReadHtmlCacheBehavior [ RunTime:0.000685s ]
INFO: [ app_begin ] --END-- [ RunTime:0.000873s ]
SQL: SHOW COLUMNS FROM `tp_category` [ RunTime:0.0122s ]
SQL: SELECT * FROM `tp_category` WHERE `cat_level` = 0  [ RunTime:0.0006s ]
SQL: SELECT * FROM `tp_category` WHERE `cat_level` = 1  [ RunTime:0.0011s ]
SQL: SELECT * FROM `tp_category` WHERE `cat_level` = 2  [ RunTime:0.0007s ]
SQL: SHOW COLUMNS FROM `tp_goods` [ RunTime:0.0135s ]
SQL: SELECT * FROM `tp_category` WHERE `cat_id` = 3 LIMIT 1   [ RunTime:0.0012s ]
SQL: SELECT `cat_id` FROM `tp_category` WHERE ( cat_path like '3%' )  [ RunTime:0.0012s ]
SQL: select goods_id from tp_goods where cat_id in (3,14,15) union select goods_id from tp_goods_cat where cat_id in (3,14,15) [ RunTime:0.0011s ]
SQL: SELECT * FROM `tp_goods` WHERE `is_del` = 'no' AND `is_sale` = 'up' AND `goods_id` IN ('23') ORDER BY goods_id desc  [ RunTime:0.0005s ]
INFO: [ view_parse ] --START--
NOTIC: [2] file_get_contents(./Application/Home/View/Pub/navigator.html): failed to open stream: No such file or directory D:\php02\ThinkPHP\Library\Think\Template.class.php 第 696 行.
INFO: [ template_filter ] --START--
INFO: Run Behavior\ContentReplaceBehavior [ RunTime:0.000178s ]
INFO: [ template_filter ] --END-- [ RunTime:0.000327s ]
INFO: Run Behavior\ParseTemplateBehavior [ RunTime:0.041603s ]
INFO: [ view_parse ] --END-- [ RunTime:0.041928s ]
INFO: [ view_filter ] --START--
INFO: Run Behavior\WriteHtmlCacheBehavior [ RunTime:0.001003s ]
INFO: [ view_filter ] --END-- [ RunTime:0.001269s ]
INFO: [ app_end ] --START--
INFO: Run Behavior\ShowPageTraceBehavior [ RunTime:0.002238s ]
INFO: [ app_end ] --END-- [ RunTime:0.002562s ]

[ 2018-02-10T19:06:39+08:00 ] 127.0.0.1 /index.php/Home/Index/index.html
INFO: [ app_init ] --START--
INFO: Run Behavior\BuildLiteBehavior [ RunTime:0.000023s ]
INFO: [ app_init ] --END-- [ RunTime:0.000350s ]
INFO: [ app_begin ] --START--
INFO: Run Behavior\ReadHtmlCacheBehavior [ RunTime:0.000390s ]
INFO: [ app_begin ] --END-- [ RunTime:0.000491s ]
SQL: SHOW COLUMNS FROM `tp_category` [ RunTime:0.0127s ]
SQL: SELECT * FROM `tp_category` WHERE `cat_level` = 0  [ RunTime:0.0005s ]
SQL: SELECT * FROM `tp_category` WHERE `cat_level` = 1  [ RunTime:0.0013s ]
SQL: SELECT * FROM `tp_category` WHERE `cat_level` = 2  [ RunTime:0.0008s ]
INFO: [ view_parse ] --START--
NOTIC: [2] file_get_contents(./Application/Home/View/Pub/navigator.html): failed to open stream: No such file or directory D:\php02\ThinkPHP\Library\Think\Template.class.php 第 696 行.
INFO: [ template_filter ] --START--
INFO: Run Behavior\ContentReplaceBehavior [ RunTime:0.000189s ]
INFO: [ template_filter ] --END-- [ RunTime:0.000295s ]
INFO: Run Behavior\ParseTemplateBehavior [ RunTime:0.028133s ]
INFO: [ view_parse ] --END-- [ RunTime:0.028268s ]
INFO: [ view_filter ] --START--
INFO: Run Behavior\WriteHtmlCacheBehavior [ RunTime:0.000667s ]
INFO: [ view_filter ] --END-- [ RunTime:0.000824s ]
INFO: [ app_end ] --START--
INFO: Run Behavior\ShowPageTraceBehavior [ RunTime:0.002854s ]
INFO: [ app_end ] --END-- [ RunTime:0.003225s ]

[ 2018-02-10T19:07:41+08:00 ] 127.0.0.1 /index.php/Home/Index/index.html
INFO: [ app_init ] --START--
INFO: Run Behavior\BuildLiteBehavior [ RunTime:0.000042s ]
INFO: [ app_init ] --END-- [ RunTime:0.000611s ]
INFO: [ app_begin ] --START--
INFO: Run Behavior\ReadHtmlCacheBehavior [ RunTime:0.000916s ]
INFO: [ app_begin ] --END-- [ RunTime:0.001196s ]
SQL: SHOW COLUMNS FROM `tp_category` [ RunTime:0.0096s ]
SQL: SELECT * FROM `tp_category` WHERE `cat_level` = 0  [ RunTime:0.0014s ]
SQL: SELECT * FROM `tp_category` WHERE `cat_level` = 1  [ RunTime:0.0004s ]
SQL: SELECT * FROM `tp_category` WHERE `cat_level` = 2  [ RunTime:0.0003s ]
INFO: [ view_parse ] --START--
NOTIC: [2] file_get_contents(./Application/Home/View/Pub/navigator.html): failed to open stream: No such file or directory D:\php02\ThinkPHP\Library\Think\Template.class.php 第 696 行.
INFO: [ template_filter ] --START--
INFO: Run Behavior\ContentReplaceBehavior [ RunTime:0.000524s ]
INFO: [ template_filter ] --END-- [ RunTime:0.000919s ]
INFO: Run Behavior\ParseTemplateBehavior [ RunTime:0.037142s ]
INFO: [ view_parse ] --END-- [ RunTime:0.037347s ]
INFO: [ view_filter ] --START--
INFO: Run Behavior\WriteHtmlCacheBehavior [ RunTime:0.000314s ]
INFO: [ view_filter ] --END-- [ RunTime:0.000474s ]
INFO: [ app_end ] --START--
INFO: Run Behavior\ShowPageTraceBehavior [ RunTime:0.000595s ]
INFO: [ app_end ] --END-- [ RunTime:0.000797s ]

[ 2018-02-10T20:48:27+08:00 ] 127.0.0.1 /index.php/Home/Index/index.html
INFO: [ app_init ] --START--
INFO: Run Behavior\BuildLiteBehavior [ RunTime:0.000025s ]
INFO: [ app_init ] --END-- [ RunTime:0.000448s ]
INFO: [ app_begin ] --START--
INFO: Run Behavior\ReadHtmlCacheBehavior [ RunTime:0.000441s ]
INFO: [ app_begin ] --END-- [ RunTime:0.000570s ]
ERR: 系统不支持:memcache

[ 2018-02-10T20:48:36+08:00 ] 127.0.0.1 /index.php/Home/Index/index.html
INFO: [ app_init ] --START--
INFO: Run Behavior\BuildLiteBehavior [ RunTime:0.000024s ]
INFO: [ app_init ] --END-- [ RunTime:0.000372s ]
INFO: [ app_begin ] --START--
INFO: Run Behavior\ReadHtmlCacheBehavior [ RunTime:0.000735s ]
INFO: [ app_begin ] --END-- [ RunTime:0.000916s ]
SQL: SHOW COLUMNS FROM `tp_goods` [ RunTime:0.0128s ]
SQL: SELECT * FROM `tp_goods` WHERE `is_del` = 'no' AND `is_sale` = 'up' AND `is_qiang` = 'yes' ORDER BY goods_id desc LIMIT 5   [ RunTime:0.0008s ]
SQL: SELECT * FROM `tp_goods` WHERE `is_del` = 'no' AND `is_sale` = 'up' AND `is_hot` = 'se' AND `goods_id` NOT IN ('24','23') ORDER BY goods_id desc LIMIT 5   [ RunTime:0.0438s ]
SQL: SELECT * FROM `tp_goods` WHERE `is_del` = 'no' AND `is_sale` = 'up' AND `is_rec` = 're' AND `goods_id` NOT IN ('24','23','') ORDER BY goods_id desc LIMIT 5   [ RunTime:0.0007s ]
SQL: SELECT * FROM `tp_goods` WHERE `is_del` = 'no' AND `is_sale` = 'up' AND `is_new` = 'new' AND `goods_id` NOT IN ('24','23','','') ORDER BY goods_id desc LIMIT 5   [ RunTime:0.0010s ]
NOTIC: [8] Undefined variable: tuijian_key D:\php02\Application\Home\Controller\IndexController.class.php 第 55 行.
INFO: [ view_parse ] --START--
NOTIC: [2] file_get_contents(./Application/Home/View/Pub/navigator.html): failed to open stream: No such file or directory D:\php02\ThinkPHP\Library\Think\Template.class.php 第 696 行.
INFO: [ template_filter ] --START--
INFO: Run Behavior\ContentReplaceBehavior [ RunTime:0.000189s ]
INFO: [ template_filter ] --END-- [ RunTime:0.000330s ]
NOTIC: [8] Undefined variable: cat_infoA D:\php02\Application\Runtime\Cache\Home\2a94b8bda04ff446dcedd42276fc99ee.php 第 159 行.
INFO: Run Behavior\ParseTemplateBehavior [ RunTime:0.036346s ]
INFO: [ view_parse ] --END-- [ RunTime:0.036667s ]
INFO: [ view_filter ] --START--
INFO: Run Behavior\WriteHtmlCacheBehavior [ RunTime:0.000843s ]
INFO: [ view_filter ] --END-- [ RunTime:0.000983s ]
INFO: [ app_end ] --START--
INFO: Run Behavior\ShowPageTraceBehavior [ RunTime:0.002000s ]
INFO: [ app_end ] --END-- [ RunTime:0.002207s ]

[ 2018-02-10T20:58:42+08:00 ] 127.0.0.1 /index.php/Home/Index/index.html
INFO: [ app_init ] --START--
INFO: Run Behavior\BuildLiteBehavior [ RunTime:0.000143s ]
INFO: [ app_init ] --END-- [ RunTime:0.000823s ]
INFO: [ app_begin ] --START--
INFO: Run Behavior\ReadHtmlCacheBehavior [ RunTime:0.001402s ]
INFO: [ app_begin ] --END-- [ RunTime:0.001689s ]
SQL: SHOW COLUMNS FROM `tp_goods` [ RunTime:0.0123s ]
SQL: SELECT * FROM `tp_goods` WHERE `is_del` = 'no' AND `is_sale` = 'up' AND `is_qiang` = 'yes' ORDER BY goods_id desc LIMIT 5   [ RunTime:0.0006s ]
SQL: SELECT * FROM `tp_goods` WHERE `is_del` = 'no' AND `is_sale` = 'up' AND `is_hot` = 'se' AND `goods_id` NOT IN ('24','23') ORDER BY goods_id desc LIMIT 5   [ RunTime:0.0004s ]
SQL: SELECT * FROM `tp_goods` WHERE `is_del` = 'no' AND `is_sale` = 'up' AND `is_rec` = 're' AND `goods_id` NOT IN ('24','23','') ORDER BY goods_id desc LIMIT 5   [ RunTime:0.0004s ]
SQL: SELECT * FROM `tp_goods` WHERE `is_del` = 'no' AND `is_sale` = 'up' AND `is_new` = 'new' AND `goods_id` NOT IN ('24','23','','') ORDER BY goods_id desc LIMIT 5   [ RunTime:0.0004s ]
INFO: [ view_parse ] --START--
NOTIC: [2] file_get_contents(./Application/Home/View/Pub/navigator.html): failed to open stream: No such file or directory D:\php02\ThinkPHP\Library\Think\Template.class.php 第 696 行.
INFO: [ template_filter ] --START--
INFO: Run Behavior\ContentReplaceBehavior [ RunTime:0.000302s ]
INFO: [ template_filter ] --END-- [ RunTime:0.000524s ]
NOTIC: [8] Undefined variable: cat_infoA D:\php02\Application\Runtime\Cache\Home\2a94b8bda04ff446dcedd42276fc99ee.php 第 159 行.
INFO: Run Behavior\ParseTemplateBehavior [ RunTime:0.032805s ]
INFO: [ view_parse ] --END-- [ RunTime:0.033001s ]
INFO: [ view_filter ] --START--
INFO: Run Behavior\WriteHtmlCacheBehavior [ RunTime:0.000446s ]
INFO: [ view_filter ] --END-- [ RunTime:0.000607s ]
INFO: [ app_end ] --START--
INFO: Run Behavior\ShowPageTraceBehavior [ RunTime:0.001253s ]
INFO: [ app_end ] --END-- [ RunTime:0.001492s ]

[ 2018-02-10T20:58:56+08:00 ] 127.0.0.1 /index.php/Home/Index/index.html
INFO: [ app_init ] --START--
INFO: Run Behavior\BuildLiteBehavior [ RunTime:0.000023s ]
INFO: [ app_init ] --END-- [ RunTime:0.000328s ]
INFO: [ app_begin ] --START--
INFO: Run Behavior\ReadHtmlCacheBehavior [ RunTime:0.000610s ]
INFO: [ app_begin ] --END-- [ RunTime:0.000805s ]
SQL: SHOW COLUMNS FROM `tp_goods` [ RunTime:0.0104s ]
SQL: SELECT * FROM `tp_goods` WHERE `is_del` = 'no' AND `is_sale` = 'up' AND `is_qiang` = 'yes' ORDER BY goods_id desc LIMIT 5   [ RunTime:0.0010s ]
SQL: SELECT * FROM `tp_goods` WHERE `is_del` = 'no' AND `is_sale` = 'up' AND `is_hot` = 'se' AND `goods_id` NOT IN ('24','23') ORDER BY goods_id desc LIMIT 5   [ RunTime:0.0004s ]
SQL: SELECT * FROM `tp_goods` WHERE `is_del` = 'no' AND `is_sale` = 'up' AND `is_rec` = 're' AND `goods_id` NOT IN ('24','23','') ORDER BY goods_id desc LIMIT 5   [ RunTime:0.0003s ]
SQL: SELECT * FROM `tp_goods` WHERE `is_del` = 'no' AND `is_sale` = 'up' AND `is_new` = 'new' AND `goods_id` NOT IN ('24','23','','') ORDER BY goods_id desc LIMIT 5   [ RunTime:0.0004s ]
INFO: [ view_parse ] --START--
NOTIC: [2] file_get_contents(./Application/Home/View/Pub/navigator.html): failed to open stream: No such file or directory D:\php02\ThinkPHP\Library\Think\Template.class.php 第 696 行.
INFO: [ template_filter ] --START--
INFO: Run Behavior\ContentReplaceBehavior [ RunTime:0.000243s ]
INFO: [ template_filter ] --END-- [ RunTime:0.000398s ]
NOTIC: [8] Undefined variable: cat_infoA D:\php02\Application\Runtime\Cache\Home\2a94b8bda04ff446dcedd42276fc99ee.php 第 159 行.
INFO: Run Behavior\ParseTemplateBehavior [ RunTime:0.029374s ]
INFO: [ view_parse ] --END-- [ RunTime:0.029480s ]
INFO: [ view_filter ] --START--
INFO: Run Behavior\WriteHtmlCacheBehavior [ RunTime:0.000254s ]
INFO: [ view_filter ] --END-- [ RunTime:0.000341s ]
INFO: [ app_end ] --START--
INFO: Run Behavior\ShowPageTraceBehavior [ RunTime:0.000628s ]
INFO: [ app_end ] --END-- [ RunTime:0.000804s ]

[ 2018-02-10T21:01:49+08:00 ] 127.0.0.1 /index.php/Home/Index/index.html
INFO: [ app_init ] --START--
INFO: Run Behavior\BuildLiteBehavior [ RunTime:0.000040s ]
INFO: [ app_init ] --END-- [ RunTime:0.000615s ]
INFO: [ app_begin ] --START--
INFO: Run Behavior\ReadHtmlCacheBehavior [ RunTime:0.000838s ]
INFO: [ app_begin ] --END-- [ RunTime:0.001034s ]
SQL: SHOW COLUMNS FROM `tp_goods` [ RunTime:0.0133s ]
SQL: SELECT * FROM `tp_goods` WHERE `is_del` = 'no' AND `is_sale` = 'up' AND `is_qiang` = 'yes' ORDER BY goods_id desc LIMIT 5   [ RunTime:0.0011s ]
SQL: SELECT * FROM `tp_goods` WHERE `is_del` = 'no' AND `is_sale` = 'up' AND `is_hot` = 'se' AND `goods_id` NOT IN ('24','23') ORDER BY goods_id desc LIMIT 5   [ RunTime:0.0006s ]
SQL: SELECT * FROM `tp_goods` WHERE `is_del` = 'no' AND `is_sale` = 'up' AND `is_rec` = 're' AND `goods_id` NOT IN ('24','23','') ORDER BY goods_id desc LIMIT 5   [ RunTime:0.0005s ]
SQL: SELECT * FROM `tp_goods` WHERE `is_del` = 'no' AND `is_sale` = 'up' AND `is_new` = 'new' AND `goods_id` NOT IN ('24','23','','') ORDER BY goods_id desc LIMIT 5   [ RunTime:0.0006s ]
NOTIC: [8] Undefined variable: info D:\php02\Application\Home\Controller\IndexController.class.php 第 49 行.
NOTIC: [8] Undefined variable: info D:\php02\Application\Home\Controller\IndexController.class.php 第 50 行.
NOTIC: [8] Undefined variable: info D:\php02\Application\Home\Controller\IndexController.class.php 第 51 行.
NOTIC: [8] Undefined variable: info D:\php02\Application\Home\Controller\IndexController.class.php 第 52 行.
INFO: [ view_parse ] --START--
NOTIC: [2] file_get_contents(./Application/Home/View/Pub/navigator.html): failed to open stream: No such file or directory D:\php02\ThinkPHP\Library\Think\Template.class.php 第 696 行.
INFO: [ template_filter ] --START--
INFO: Run Behavior\ContentReplaceBehavior [ RunTime:0.000225s ]
INFO: [ template_filter ] --END-- [ RunTime:0.000398s ]
NOTIC: [8] Undefined variable: cat_infoA D:\php02\Application\Runtime\Cache\Home\2a94b8bda04ff446dcedd42276fc99ee.php 第 159 行.
INFO: Run Behavior\ParseTemplateBehavior [ RunTime:0.034916s ]
INFO: [ view_parse ] --END-- [ RunTime:0.035171s ]
INFO: [ view_filter ] --START--
INFO: Run Behavior\WriteHtmlCacheBehavior [ RunTime:0.001470s ]
INFO: [ view_filter ] --END-- [ RunTime:0.001666s ]
INFO: [ app_end ] --START--
INFO: Run Behavior\ShowPageTraceBehavior [ RunTime:0.001518s ]
INFO: [ app_end ] --END-- [ RunTime:0.001807s ]

[ 2018-02-10T21:03:25+08:00 ] 127.0.0.1 /index.php/Home/Index/index.html
INFO: [ app_init ] --START--
INFO: Run Behavior\BuildLiteBehavior [ RunTime:0.000033s ]
INFO: [ app_init ] --END-- [ RunTime:0.000467s ]
INFO: [ app_begin ] --START--
INFO: Run Behavior\ReadHtmlCacheBehavior [ RunTime:0.000377s ]
INFO: [ app_begin ] --END-- [ RunTime:0.000473s ]
SQL: SHOW COLUMNS FROM `tp_category` [ RunTime:0.0082s ]
SQL: SELECT * FROM `tp_category` WHERE `cat_level` = 0  [ RunTime:0.0004s ]
SQL: SELECT * FROM `tp_category` WHERE `cat_level` = 1  [ RunTime:0.0011s ]
SQL: SELECT * FROM `tp_category` WHERE `cat_level` = 2  [ RunTime:0.0008s ]
SQL: SHOW COLUMNS FROM `tp_goods` [ RunTime:0.0074s ]
SQL: SELECT * FROM `tp_goods` WHERE `is_del` = '不删除' AND `is_sale` = '上架' AND `is_qiang` = '抢' ORDER BY goods_id desc LIMIT 5   [ RunTime:0.0003s ]
SQL: SELECT * FROM `tp_goods` WHERE `is_del` = '不删除' AND `is_sale` = '上架' AND `is_hot` = '热销' AND `goods_id` NOT IN ('') ORDER BY goods_id desc LIMIT 5   [ RunTime:0.0003s ]
SQL: SELECT * FROM `tp_goods` WHERE `is_del` = '不删除' AND `is_sale` = '上架' AND `is_rec` = '推荐' AND `goods_id` NOT IN ('','') ORDER BY goods_id desc LIMIT 5   [ RunTime:0.0003s ]
SQL: SELECT * FROM `tp_goods` WHERE `is_del` = '不删除' AND `is_sale` = '上架' AND `is_new` = '新品' AND `goods_id` NOT IN ('','','') ORDER BY goods_id desc LIMIT 5   [ RunTime:0.0003s ]
NOTIC: [8] Undefined variable: tuijian_key D:\php02\Application\Home\Controller\IndexController.class.php 第 59 行.
INFO: [ view_parse ] --START--
NOTIC: [2] file_get_contents(./Application/Home/View/Pub/navigator.html): failed to open stream: No such file or directory D:\php02\ThinkPHP\Library\Think\Template.class.php 第 696 行.
INFO: [ template_filter ] --START--
INFO: Run Behavior\ContentReplaceBehavior [ RunTime:0.000173s ]
INFO: [ template_filter ] --END-- [ RunTime:0.000279s ]
INFO: Run Behavior\ParseTemplateBehavior [ RunTime:0.028933s ]
INFO: [ view_parse ] --END-- [ RunTime:0.029267s ]
INFO: [ view_filter ] --START--
INFO: Run Behavior\WriteHtmlCacheBehavior [ RunTime:0.000409s ]
INFO: [ view_filter ] --END-- [ RunTime:0.000569s ]
INFO: [ app_end ] --START--
INFO: Run Behavior\ShowPageTraceBehavior [ RunTime:0.001850s ]
INFO: [ app_end ] --END-- [ RunTime:0.002121s ]

[ 2018-02-10T21:03:32+08:00 ] 127.0.0.1 /index.php/Home/Index/index.html
INFO: [ app_init ] --START--
INFO: Run Behavior\BuildLiteBehavior [ RunTime:0.000036s ]
INFO: [ app_init ] --END-- [ RunTime:0.000457s ]
INFO: [ app_begin ] --START--
INFO: Run Behavior\ReadHtmlCacheBehavior [ RunTime:0.000423s ]
INFO: [ app_begin ] --END-- [ RunTime:0.000565s ]
SQL: SHOW COLUMNS FROM `tp_category` [ RunTime:0.0096s ]
SQL: SELECT * FROM `tp_category` WHERE `cat_level` = 0  [ RunTime:0.0003s ]
SQL: SELECT * FROM `tp_category` WHERE `cat_level` = 1  [ RunTime:0.0003s ]
SQL: SELECT * FROM `tp_category` WHERE `cat_level` = 2  [ RunTime:0.0002s ]
SQL: SHOW COLUMNS FROM `tp_goods` [ RunTime:0.0084s ]
SQL: SELECT * FROM `tp_goods` WHERE `is_del` = '不删除' AND `is_sale` = '上架' AND `is_qiang` = '抢' ORDER BY goods_id desc LIMIT 5   [ RunTime:0.0007s ]
SQL: SELECT * FROM `tp_goods` WHERE `is_del` = '不删除' AND `is_sale` = '上架' AND `is_hot` = '热销' AND `goods_id` NOT IN ('') ORDER BY goods_id desc LIMIT 5   [ RunTime:0.0011s ]
SQL: SELECT * FROM `tp_goods` WHERE `is_del` = '不删除' AND `is_sale` = '上架' AND `is_rec` = '推荐' AND `goods_id` NOT IN ('','') ORDER BY goods_id desc LIMIT 5   [ RunTime:0.0005s ]
SQL: SELECT * FROM `tp_goods` WHERE `is_del` = '不删除' AND `is_sale` = '上架' AND `is_new` = '新品' AND `goods_id` NOT IN ('','','') ORDER BY goods_id desc LIMIT 5   [ RunTime:0.0005s ]
NOTIC: [8] Undefined variable: tuijian_key D:\php02\Application\Home\Controller\IndexController.class.php 第 59 行.
INFO: [ view_parse ] --START--
NOTIC: [2] file_get_contents(./Application/Home/View/Pub/navigator.html): failed to open stream: No such file or directory D:\php02\ThinkPHP\Library\Think\Template.class.php 第 696 行.
INFO: [ template_filter ] --START--
INFO: Run Behavior\ContentReplaceBehavior [ RunTime:0.000191s ]
INFO: [ template_filter ] --END-- [ RunTime:0.000320s ]
INFO: Run Behavior\ParseTemplateBehavior [ RunTime:0.030937s ]
INFO: [ view_parse ] --END-- [ RunTime:0.031090s ]
INFO: [ view_filter ] --START--
INFO: Run Behavior\WriteHtmlCacheBehavior [ RunTime:0.000368s ]
INFO: [ view_filter ] --END-- [ RunTime:0.000531s ]
INFO: [ app_end ] --START--
INFO: Run Behavior\ShowPageTraceBehavior [ RunTime:0.000403s ]
INFO: [ app_end ] --END-- [ RunTime:0.000517s ]

[ 2018-02-10T21:03:32+08:00 ] 127.0.0.1 /index.php/Home/Index/index.html
INFO: [ app_init ] --START--
INFO: Run Behavior\BuildLiteBehavior [ RunTime:0.000037s ]
INFO: [ app_init ] --END-- [ RunTime:0.000553s ]
INFO: [ app_begin ] --START--
INFO: Run Behavior\ReadHtmlCacheBehavior [ RunTime:0.000412s ]
INFO: [ app_begin ] --END-- [ RunTime:0.000529s ]
SQL: SHOW COLUMNS FROM `tp_category` [ RunTime:0.0082s ]
SQL: SELECT * FROM `tp_category` WHERE `cat_level` = 0  [ RunTime:0.0002s ]
SQL: SELECT * FROM `tp_category` WHERE `cat_level` = 1  [ RunTime:0.0002s ]
SQL: SELECT * FROM `tp_category` WHERE `cat_level` = 2  [ RunTime:0.0001s ]
SQL: SHOW COLUMNS FROM `tp_goods` [ RunTime:0.0098s ]
SQL: SELECT * FROM `tp_goods` WHERE `is_del` = '不删除' AND `is_sale` = '上架' AND `is_qiang` = '抢' ORDER BY goods_id desc LIMIT 5   [ RunTime:0.0007s ]
SQL: SELECT * FROM `tp_goods` WHERE `is_del` = '不删除' AND `is_sale` = '上架' AND `is_hot` = '热销' AND `goods_id` NOT IN ('') ORDER BY goods_id desc LIMIT 5   [ RunTime:0.0006s ]
SQL: SELECT * FROM `tp_goods` WHERE `is_del` = '不删除' AND `is_sale` = '上架' AND `is_rec` = '推荐' AND `goods_id` NOT IN ('','') ORDER BY goods_id desc LIMIT 5   [ RunTime:0.0003s ]
SQL: SELECT * FROM `tp_goods` WHERE `is_del` = '不删除' AND `is_sale` = '上架' AND `is_new` = '新品' AND `goods_id` NOT IN ('','','') ORDER BY goods_id desc LIMIT 5   [ RunTime:0.0002s ]
NOTIC: [8] Undefined variable: tuijian_key D:\php02\Application\Home\Controller\IndexController.class.php 第 59 行.
INFO: [ view_parse ] --START--
NOTIC: [2] file_get_contents(./Application/Home/View/Pub/navigator.html): failed to open stream: No such file or directory D:\php02\ThinkPHP\Library\Think\Template.class.php 第 696 行.
INFO: [ template_filter ] --START--
INFO: Run Behavior\ContentReplaceBehavior [ RunTime:0.000199s ]
INFO: [ template_filter ] --END-- [ RunTime:0.000362s ]
INFO: Run Behavior\ParseTemplateBehavior [ RunTime:0.029513s ]
INFO: [ view_parse ] --END-- [ RunTime:0.029630s ]
INFO: [ view_filter ] --START--
INFO: Run Behavior\WriteHtmlCacheBehavior [ RunTime:0.000241s ]
INFO: [ view_filter ] --END-- [ RunTime:0.000328s ]
INFO: [ app_end ] --START--
INFO: Run Behavior\ShowPageTraceBehavior [ RunTime:0.000377s ]
INFO: [ app_end ] --END-- [ RunTime:0.000479s ]

[ 2018-02-10T21:03:46+08:00 ] 127.0.0.1 /index.php/Home/Index/index.html
INFO: [ app_init ] --START--
INFO: Run Behavior\BuildLiteBehavior [ RunTime:0.000032s ]
INFO: [ app_init ] --END-- [ RunTime:0.000537s ]
INFO: [ app_begin ] --START--
INFO: Run Behavior\ReadHtmlCacheBehavior [ RunTime:0.000803s ]
INFO: [ app_begin ] --END-- [ RunTime:0.000995s ]
SQL: SHOW COLUMNS FROM `tp_category` [ RunTime:0.0100s ]
SQL: SELECT * FROM `tp_category` WHERE `cat_level` = 0  [ RunTime:0.0002s ]
SQL: SELECT * FROM `tp_category` WHERE `cat_level` = 1  [ RunTime:0.0002s ]
SQL: SELECT * FROM `tp_category` WHERE `cat_level` = 2  [ RunTime:0.0003s ]
SQL: SHOW COLUMNS FROM `tp_goods` [ RunTime:0.0105s ]
SQL: SELECT * FROM `tp_goods` WHERE `is_del` = '不删除' AND `is_sale` = '上架' AND `is_qiang` = '抢' ORDER BY goods_id desc LIMIT 5   [ RunTime:0.0003s ]
SQL: SELECT * FROM `tp_goods` WHERE `is_del` = '不删除' AND `is_sale` = '上架' AND `is_hot` = '热销' AND `goods_id` NOT IN ('') ORDER BY goods_id desc LIMIT 5   [ RunTime:0.0003s ]
SQL: SELECT * FROM `tp_goods` WHERE `is_del` = '不删除' AND `is_sale` = '上架' AND `is_rec` = '推荐' AND `goods_id` NOT IN ('','') ORDER BY goods_id desc LIMIT 5   [ RunTime:0.0002s ]
SQL: SELECT * FROM `tp_goods` WHERE `is_del` = '不删除' AND `is_sale` = '上架' AND `is_new` = '新品' AND `goods_id` NOT IN ('','','') ORDER BY goods_id desc LIMIT 5   [ RunTime:0.0003s ]
NOTIC: [8] Undefined variable: tuijian_key D:\php02\Application\Home\Controller\IndexController.class.php 第 59 行.
INFO: [ view_parse ] --START--
NOTIC: [2] file_get_contents(./Application/Home/View/Pub/navigator.html): failed to open stream: No such file or directory D:\php02\ThinkPHP\Library\Think\Template.class.php 第 696 行.
INFO: [ template_filter ] --START--
INFO: Run Behavior\ContentReplaceBehavior [ RunTime:0.000183s ]
INFO: [ template_filter ] --END-- [ RunTime:0.000312s ]
INFO: Run Behavior\ParseTemplateBehavior [ RunTime:0.031320s ]
INFO: [ view_parse ] --END-- [ RunTime:0.031488s ]
INFO: [ view_filter ] --START--
INFO: Run Behavior\WriteHtmlCacheBehavior [ RunTime:0.000281s ]
INFO: [ view_filter ] --END-- [ RunTime:0.000479s ]
INFO: [ app_end ] --START--
INFO: Run Behavior\ShowPageTraceBehavior [ RunTime:0.000813s ]
INFO: [ app_end ] --END-- [ RunTime:0.001831s ]

[ 2018-02-10T21:03:48+08:00 ] 127.0.0.1 /index.php/Home/Index/index.html
INFO: [ app_init ] --START--
INFO: Run Behavior\BuildLiteBehavior [ RunTime:0.000021s ]
INFO: [ app_init ] --END-- [ RunTime:0.000309s ]
INFO: [ app_begin ] --START--
INFO: Run Behavior\ReadHtmlCacheBehavior [ RunTime:0.000328s ]
INFO: [ app_begin ] --END-- [ RunTime:0.000420s ]
SQL: SHOW COLUMNS FROM `tp_category` [ RunTime:0.0080s ]
SQL: SELECT * FROM `tp_category` WHERE `cat_level` = 0  [ RunTime:0.0011s ]
SQL: SELECT * FROM `tp_category` WHERE `cat_level` = 1  [ RunTime:0.0007s ]
SQL: SELECT * FROM `tp_category` WHERE `cat_level` = 2  [ RunTime:0.0005s ]
ERR: 系统不支持:memcache

[ 2018-02-10T21:03:48+08:00 ] 127.0.0.1 /index.php/Home/Index/index.html
INFO: [ app_init ] --START--
INFO: Run Behavior\BuildLiteBehavior [ RunTime:0.000039s ]
INFO: [ app_init ] --END-- [ RunTime:0.000586s ]
INFO: [ app_begin ] --START--
INFO: Run Behavior\ReadHtmlCacheBehavior [ RunTime:0.000342s ]
INFO: [ app_begin ] --END-- [ RunTime:0.000448s ]
SQL: SHOW COLUMNS FROM `tp_category` [ RunTime:0.0113s ]
SQL: SELECT * FROM `tp_category` WHERE `cat_level` = 0  [ RunTime:0.0002s ]
SQL: SELECT * FROM `tp_category` WHERE `cat_level` = 1  [ RunTime:0.0001s ]
SQL: SELECT * FROM `tp_category` WHERE `cat_level` = 2  [ RunTime:0.0001s ]
ERR: 系统不支持:memcache

[ 2018-02-10T21:03:48+08:00 ] 127.0.0.1 /index.php/Home/Index/index.html
INFO: [ app_init ] --START--
INFO: Run Behavior\BuildLiteBehavior [ RunTime:0.000023s ]
INFO: [ app_init ] --END-- [ RunTime:0.000345s ]
INFO: [ app_begin ] --START--
INFO: Run Behavior\ReadHtmlCacheBehavior [ RunTime:0.000312s ]
INFO: [ app_begin ] --END-- [ RunTime:0.000405s ]
SQL: SHOW COLUMNS FROM `tp_category` [ RunTime:0.0058s ]
SQL: SELECT * FROM `tp_category` WHERE `cat_level` = 0  [ RunTime:0.0002s ]
SQL: SELECT * FROM `tp_category` WHERE `cat_level` = 1  [ RunTime:0.0001s ]
SQL: SELECT * FROM `tp_category` WHERE `cat_level` = 2  [ RunTime:0.0001s ]
ERR: 系统不支持:memcache

[ 2018-02-10T21:03:57+08:00 ] 127.0.0.1 /index.php/Home/Index/index.html
INFO: [ app_init ] --START--
INFO: Run Behavior\BuildLiteBehavior [ RunTime:0.000033s ]
INFO: [ app_init ] --END-- [ RunTime:0.000703s ]
INFO: [ app_begin ] --START--
INFO: Run Behavior\ReadHtmlCacheBehavior [ RunTime:0.000384s ]
INFO: [ app_begin ] --END-- [ RunTime:0.000489s ]
SQL: SHOW COLUMNS FROM `tp_category` [ RunTime:0.0090s ]
SQL: SELECT * FROM `tp_category` WHERE `cat_level` = 0  [ RunTime:0.0003s ]
SQL: SELECT * FROM `tp_category` WHERE `cat_level` = 1  [ RunTime:0.0002s ]
SQL: SELECT * FROM `tp_category` WHERE `cat_level` = 2  [ RunTime:0.0002s ]
ERR: 系统不支持:memcache

[ 2018-02-10T21:03:58+08:00 ] 127.0.0.1 /index.php/Home/Index/index.html
INFO: [ app_init ] --START--
INFO: Run Behavior\BuildLiteBehavior [ RunTime:0.000074s ]
INFO: [ app_init ] --END-- [ RunTime:0.001119s ]
INFO: [ app_begin ] --START--
INFO: Run Behavior\ReadHtmlCacheBehavior [ RunTime:0.000814s ]
INFO: [ app_begin ] --END-- [ RunTime:0.000998s ]
SQL: SHOW COLUMNS FROM `tp_goods` [ RunTime:0.0120s ]
SQL: SELECT * FROM `tp_goods` WHERE `is_del` = 'no' AND `is_sale` = 'up' AND `is_qiang` = 'yes' ORDER BY goods_id desc LIMIT 5   [ RunTime:0.0004s ]
SQL: SELECT * FROM `tp_goods` WHERE `is_del` = 'no' AND `is_sale` = 'up' AND `is_hot` = 'se' AND `goods_id` NOT IN ('24','23') ORDER BY goods_id desc LIMIT 5   [ RunTime:0.0003s ]
SQL: SELECT * FROM `tp_goods` WHERE `is_del` = 'no' AND `is_sale` = 'up' AND `is_rec` = 're' AND `goods_id` NOT IN ('24','23','') ORDER BY goods_id desc LIMIT 5   [ RunTime:0.0005s ]
SQL: SELECT * FROM `tp_goods` WHERE `is_del` = 'no' AND `is_sale` = 'up' AND `is_new` = 'new' AND `goods_id` NOT IN ('24','23','','') ORDER BY goods_id desc LIMIT 5   [ RunTime:0.0007s ]
NOTIC: [8] Undefined variable: info D:\php02\Application\Home\Controller\IndexController.class.php 第 49 行.
NOTIC: [8] Undefined variable: info D:\php02\Application\Home\Controller\IndexController.class.php 第 50 行.
NOTIC: [8] Undefined variable: info D:\php02\Application\Home\Controller\IndexController.class.php 第 51 行.
NOTIC: [8] Undefined variable: info D:\php02\Application\Home\Controller\IndexController.class.php 第 52 行.
INFO: [ view_parse ] --START--
NOTIC: [2] file_get_contents(./Application/Home/View/Pub/navigator.html): failed to open stream: No such file or directory D:\php02\ThinkPHP\Library\Think\Template.class.php 第 696 行.
INFO: [ template_filter ] --START--
INFO: Run Behavior\ContentReplaceBehavior [ RunTime:0.000181s ]
INFO: [ template_filter ] --END-- [ RunTime:0.000294s ]
NOTIC: [8] Undefined variable: cat_infoA D:\php02\Application\Runtime\Cache\Home\2a94b8bda04ff446dcedd42276fc99ee.php 第 159 行.
INFO: Run Behavior\ParseTemplateBehavior [ RunTime:0.028922s ]
INFO: [ view_parse ] --END-- [ RunTime:0.029056s ]
INFO: [ view_filter ] --START--
INFO: Run Behavior\WriteHtmlCacheBehavior [ RunTime:0.000179s ]
INFO: [ view_filter ] --END-- [ RunTime:0.000264s ]
INFO: [ app_end ] --START--
INFO: Run Behavior\ShowPageTraceBehavior [ RunTime:0.000340s ]
INFO: [ app_end ] --END-- [ RunTime:0.000457s ]

[ 2018-02-10T21:03:59+08:00 ] 127.0.0.1 /index.php/Home/Index/index.html
INFO: [ app_init ] --START--
INFO: Run Behavior\BuildLiteBehavior [ RunTime:0.000041s ]
INFO: [ app_init ] --END-- [ RunTime:0.000772s ]
INFO: [ app_begin ] --START--
INFO: Run Behavior\ReadHtmlCacheBehavior [ RunTime:0.000581s ]
INFO: [ app_begin ] --END-- [ RunTime:0.000754s ]
SQL: SHOW COLUMNS FROM `tp_goods` [ RunTime:0.0102s ]
SQL: SELECT * FROM `tp_goods` WHERE `is_del` = 'no' AND `is_sale` = 'up' AND `is_qiang` = 'yes' ORDER BY goods_id desc LIMIT 5   [ RunTime:0.0013s ]
SQL: SELECT * FROM `tp_goods` WHERE `is_del` = 'no' AND `is_sale` = 'up' AND `is_hot` = 'se' AND `goods_id` NOT IN ('24','23') ORDER BY goods_id desc LIMIT 5   [ RunTime:0.0023s ]
SQL: SELECT * FROM `tp_goods` WHERE `is_del` = 'no' AND `is_sale` = 'up' AND `is_rec` = 're' AND `goods_id` NOT IN ('24','23','') ORDER BY goods_id desc LIMIT 5   [ RunTime:0.0006s ]
SQL: SELECT * FROM `tp_goods` WHERE `is_del` = 'no' AND `is_sale` = 'up' AND `is_new` = 'new' AND `goods_id` NOT IN ('24','23','','') ORDER BY goods_id desc LIMIT 5   [ RunTime:0.0007s ]
NOTIC: [8] Undefined variable: info D:\php02\Application\Home\Controller\IndexController.class.php 第 49 行.
NOTIC: [8] Undefined variable: info D:\php02\Application\Home\Controller\IndexController.class.php 第 50 行.
NOTIC: [8] Undefined variable: info D:\php02\Application\Home\Controller\IndexController.class.php 第 51 行.
NOTIC: [8] Undefined variable: info D:\php02\Application\Home\Controller\IndexController.class.php 第 52 行.
INFO: [ view_parse ] --START--
NOTIC: [2] file_get_contents(./Application/Home/View/Pub/navigator.html): failed to open stream: No such file or directory D:\php02\ThinkPHP\Library\Think\Template.class.php 第 696 行.
INFO: [ template_filter ] --START--
INFO: Run Behavior\ContentReplaceBehavior [ RunTime:0.000300s ]
INFO: [ template_filter ] --END-- [ RunTime:0.000489s ]
NOTIC: [8] Undefined variable: cat_infoA D:\php02\Application\Runtime\Cache\Home\2a94b8bda04ff446dcedd42276fc99ee.php 第 159 行.
INFO: Run Behavior\ParseTemplateBehavior [ RunTime:0.044842s ]
INFO: [ view_parse ] --END-- [ RunTime:0.045111s ]
INFO: [ view_filter ] --START--
INFO: Run Behavior\WriteHtmlCacheBehavior [ RunTime:0.000763s ]
INFO: [ view_filter ] --END-- [ RunTime:0.000972s ]
INFO: [ app_end ] --START--
INFO: Run Behavior\ShowPageTraceBehavior [ RunTime:0.000595s ]
INFO: [ app_end ] --END-- [ RunTime:0.000792s ]

[ 2018-02-10T21:08:07+08:00 ] 127.0.0.1 /index.php/Home/Index/index.html
INFO: [ app_init ] --START--
INFO: Run Behavior\BuildLiteBehavior [ RunTime:0.000041s ]
INFO: [ app_init ] --END-- [ RunTime:0.001193s ]
INFO: [ app_begin ] --START--
INFO: Run Behavior\ReadHtmlCacheBehavior [ RunTime:0.000758s ]
INFO: [ app_begin ] --END-- [ RunTime:0.000923s ]
SQL: SHOW COLUMNS FROM `tp_goods` [ RunTime:0.0118s ]
SQL: SELECT * FROM `tp_goods` WHERE `is_del` = 'no' AND `is_sale` = 'up' AND `is_qiang` = 'yes' ORDER BY goods_id desc LIMIT 5   [ RunTime:0.0004s ]
SQL: SELECT * FROM `tp_goods` WHERE `is_del` = 'no' AND `is_sale` = 'up' AND `is_hot` = 'se' AND `goods_id` NOT IN ('24','23') ORDER BY goods_id desc LIMIT 5   [ RunTime:0.0003s ]
SQL: SELECT * FROM `tp_goods` WHERE `is_del` = 'no' AND `is_sale` = 'up' AND `is_rec` = 're' AND `goods_id` NOT IN ('24','23','') ORDER BY goods_id desc LIMIT 5   [ RunTime:0.0003s ]
SQL: SELECT * FROM `tp_goods` WHERE `is_del` = 'no' AND `is_sale` = 'up' AND `is_new` = 'new' AND `goods_id` NOT IN ('24','23','','') ORDER BY goods_id desc LIMIT 5   [ RunTime:0.0002s ]
INFO: [ view_parse ] --START--
NOTIC: [2] file_get_contents(./Application/Home/View/Pub/navigator.html): failed to open stream: No such file or directory D:\php02\ThinkPHP\Library\Think\Template.class.php 第 696 行.
INFO: [ template_filter ] --START--
INFO: Run Behavior\ContentReplaceBehavior [ RunTime:0.000549s ]
INFO: [ template_filter ] --END-- [ RunTime:0.000824s ]
NOTIC: [8] Undefined variable: cat_infoA D:\php02\Application\Runtime\Cache\Home\2a94b8bda04ff446dcedd42276fc99ee.php 第 159 行.
INFO: Run Behavior\ParseTemplateBehavior [ RunTime:0.029048s ]
INFO: [ view_parse ] --END-- [ RunTime:0.029151s ]
INFO: [ view_filter ] --START--
INFO: Run Behavior\WriteHtmlCacheBehavior [ RunTime:0.000259s ]
INFO: [ view_filter ] --END-- [ RunTime:0.000347s ]
INFO: [ app_end ] --START--
INFO: Run Behavior\ShowPageTraceBehavior [ RunTime:0.000473s ]
INFO: [ app_end ] --END-- [ RunTime:0.000611s ]

[ 2018-02-10T21:08:11+08:00 ] 127.0.0.1 /index.php/Home/Index/index.html
INFO: [ app_init ] --START--
INFO: Run Behavior\BuildLiteBehavior [ RunTime:0.000027s ]
INFO: [ app_init ] --END-- [ RunTime:0.000465s ]
INFO: [ app_begin ] --START--
INFO: Run Behavior\ReadHtmlCacheBehavior [ RunTime:0.001091s ]
INFO: [ app_begin ] --END-- [ RunTime:0.001254s ]
SQL: SHOW COLUMNS FROM `tp_goods` [ RunTime:0.0123s ]
SQL: SELECT * FROM `tp_goods` WHERE `is_del` = 'no' AND `is_sale` = 'up' AND `is_qiang` = 'yes' ORDER BY goods_id desc LIMIT 5   [ RunTime:0.0004s ]
SQL: SELECT * FROM `tp_goods` WHERE `is_del` = 'no' AND `is_sale` = 'up' AND `is_hot` = 'se' AND `goods_id` NOT IN ('24','23') ORDER BY goods_id desc LIMIT 5   [ RunTime:0.0004s ]
SQL: SELECT * FROM `tp_goods` WHERE `is_del` = 'no' AND `is_sale` = 'up' AND `is_rec` = 're' AND `goods_id` NOT IN ('24','23','') ORDER BY goods_id desc LIMIT 5   [ RunTime:0.0003s ]
SQL: SELECT * FROM `tp_goods` WHERE `is_del` = 'no' AND `is_sale` = 'up' AND `is_new` = 'new' AND `goods_id` NOT IN ('24','23','','') ORDER BY goods_id desc LIMIT 5   [ RunTime:0.0003s ]
INFO: [ view_parse ] --START--
NOTIC: [2] file_get_contents(./Application/Home/View/Pub/navigator.html): failed to open stream: No such file or directory D:\php02\ThinkPHP\Library\Think\Template.class.php 第 696 行.
INFO: [ template_filter ] --START--
INFO: Run Behavior\ContentReplaceBehavior [ RunTime:0.000485s ]
INFO: [ template_filter ] --END-- [ RunTime:0.000719s ]
NOTIC: [8] Undefined variable: cat_infoA D:\php02\Application\Runtime\Cache\Home\2a94b8bda04ff446dcedd42276fc99ee.php 第 159 行.
INFO: Run Behavior\ParseTemplateBehavior [ RunTime:0.028158s ]
INFO: [ view_parse ] --END-- [ RunTime:0.028265s ]
INFO: [ view_filter ] --START--
INFO: Run Behavior\WriteHtmlCacheBehavior [ RunTime:0.000240s ]
INFO: [ view_filter ] --END-- [ RunTime:0.000328s ]
INFO: [ app_end ] --START--
INFO: Run Behavior\ShowPageTraceBehavior [ RunTime:0.000371s ]
INFO: [ app_end ] --END-- [ RunTime:0.000473s ]

