[ 2018-02-14T19:42:27+08:00 ] 127.0.0.1 /index.php
INFO: [ app_init ] --START--
INFO: Run Behavior\BuildLiteBehavior [ RunTime:0.000039s ]
INFO: [ app_init ] --END-- [ RunTime:0.010336s ]
INFO: [ app_begin ] --START--
INFO: Run Behavior\ReadHtmlCacheBehavior [ RunTime:0.001104s ]
INFO: [ app_begin ] --END-- [ RunTime:0.001289s ]
SQL: SHOW COLUMNS FROM `tp_goods` [ RunTime:0.0537s ]
SQL: SELECT * FROM `tp_goods` WHERE `is_del` = 'no' AND `is_sale` = 'up' AND `is_qiang` = 'yes' ORDER BY goods_id desc LIMIT 5   [ RunTime:0.0129s ]
SQL: SELECT * FROM `tp_goods` WHERE `is_del` = 'no' AND `is_sale` = 'up' AND `is_hot` = 'se' AND `goods_id` NOT IN ('24','23') ORDER BY goods_id desc LIMIT 5   [ RunTime:0.0012s ]
SQL: SELECT * FROM `tp_goods` WHERE `is_del` = 'no' AND `is_sale` = 'up' AND `is_rec` = 're' AND `goods_id` NOT IN ('24','23','') ORDER BY goods_id desc LIMIT 5   [ RunTime:0.0005s ]
SQL: SELECT * FROM `tp_goods` WHERE `is_del` = 'no' AND `is_sale` = 'up' AND `is_new` = 'new' AND `goods_id` NOT IN ('24','23','','') ORDER BY goods_id desc LIMIT 5   [ RunTime:0.0005s ]
INFO: [ view_parse ] --START--
NOTIC: [2] file_get_contents(./Application/Home/View/Pub/navigator.html): failed to open stream: No such file or directory D:\php02\ThinkPHP\Library\Think\Template.class.php 第 696 行.
INFO: [ template_filter ] --START--
INFO: Run Behavior\ContentReplaceBehavior [ RunTime:0.019200s ]
INFO: [ template_filter ] --END-- [ RunTime:0.019619s ]
NOTIC: [8] Undefined variable: cat_infoA D:\php02\Application\Runtime\Cache\Home\2a94b8bda04ff446dcedd42276fc99ee.php 第 159 行.
INFO: Run Behavior\ParseTemplateBehavior [ RunTime:0.138573s ]
INFO: [ view_parse ] --END-- [ RunTime:0.138759s ]
INFO: [ view_filter ] --START--
INFO: Run Behavior\WriteHtmlCacheBehavior [ RunTime:0.010702s ]
INFO: [ view_filter ] --END-- [ RunTime:0.010865s ]
INFO: [ app_end ] --START--
INFO: Run Behavior\ShowPageTraceBehavior [ RunTime:0.001287s ]
INFO: [ app_end ] --END-- [ RunTime:0.001577s ]

