[ 2018-02-07T20:17:40+08:00 ] 127.0.0.1 /index.php/admin/index/index
INFO: [ app_init ] --START--
INFO: Run Behavior\BuildLiteBehavior [ RunTime:0.000030s ]
INFO: [ app_init ] --END-- [ RunTime:0.000426s ]

[ 2018-02-07T20:17:40+08:00 ] 127.0.0.1 /index.php/admin/Admin/login
INFO: [ app_init ] --START--
INFO: Run Behavior\BuildLiteBehavior [ RunTime:0.000026s ]
INFO: [ app_init ] --END-- [ RunTime:0.000373s ]

[ 2018-02-07T20:17:40+08:00 ] 127.0.0.1 /index.php/Admin/Admin/verify.html
INFO: [ app_init ] --START--
INFO: Run Behavior\BuildLiteBehavior [ RunTime:0.000023s ]
INFO: [ app_init ] --END-- [ RunTime:0.000345s ]

[ 2018-02-07T20:17:45+08:00 ] 127.0.0.1 /index.php/Admin/Admin/checkCode.html?code=rf
INFO: [ app_init ] --START--
INFO: Run Behavior\BuildLiteBehavior [ RunTime:0.000050s ]
INFO: [ app_init ] --END-- [ RunTime:0.000718s ]
INFO: [ app_begin ] --START--
INFO: Run Behavior\ReadHtmlCacheBehavior [ RunTime:0.000853s ]
INFO: [ app_begin ] --END-- [ RunTime:0.001077s ]
INFO: [ app_end ] --START--
INFO: Run Behavior\ShowPageTraceBehavior [ RunTime:0.000772s ]
INFO: [ app_end ] --END-- [ RunTime:0.001022s ]

[ 2018-02-07T20:17:47+08:00 ] 127.0.0.1 /index.php/Admin/Admin/checkCode.html?code=re
INFO: [ app_init ] --START--
INFO: Run Behavior\BuildLiteBehavior [ RunTime:0.000048s ]
INFO: [ app_init ] --END-- [ RunTime:0.000772s ]
INFO: [ app_begin ] --START--
INFO: Run Behavior\ReadHtmlCacheBehavior [ RunTime:0.000741s ]
INFO: [ app_begin ] --END-- [ RunTime:0.000928s ]
INFO: [ app_end ] --START--
INFO: Run Behavior\ShowPageTraceBehavior [ RunTime:0.000869s ]
INFO: [ app_end ] --END-- [ RunTime:0.001084s ]

[ 2018-02-07T20:17:47+08:00 ] 127.0.0.1 /index.php/admin/Admin/login
INFO: [ app_init ] --START--
INFO: Run Behavior\BuildLiteBehavior [ RunTime:0.000024s ]
INFO: [ app_init ] --END-- [ RunTime:0.000354s ]

[ 2018-02-07T20:17:47+08:00 ] 127.0.0.1 /index.php/Admin/Admin/checkCode.html?code=re
INFO: [ app_init ] --START--
INFO: Run Behavior\BuildLiteBehavior [ RunTime:0.000023s ]
INFO: [ app_init ] --END-- [ RunTime:0.000426s ]
INFO: [ app_begin ] --START--
INFO: Run Behavior\ReadHtmlCacheBehavior [ RunTime:0.000377s ]
INFO: [ app_begin ] --END-- [ RunTime:0.000464s ]
SQL: SHOW COLUMNS FROM `tp_manager` [ RunTime:0.0092s ]
SQL: SELECT r.role_auth_ac FROM tp_manager m INNER JOIN tp_role r on m.mg_role_id=r.role_id  WHERE `mg_id` = '3' LIMIT 1   [ RunTime:0.0135s ]
INFO: [ app_end ] --START--
INFO: Run Behavior\ShowPageTraceBehavior [ RunTime:0.000411s ]
INFO: [ app_end ] --END-- [ RunTime:0.000507s ]

[ 2018-02-07T20:17:47+08:00 ] 127.0.0.1 /index.php/Admin/Index/index.html
INFO: [ app_init ] --START--
INFO: Run Behavior\BuildLiteBehavior [ RunTime:0.000046s ]
INFO: [ app_init ] --END-- [ RunTime:0.000620s ]

[ 2018-02-07T20:17:48+08:00 ] 127.0.0.1 /index.php/Admin/Index/left.html
INFO: [ app_init ] --START--
INFO: Run Behavior\BuildLiteBehavior [ RunTime:0.000053s ]
INFO: [ app_init ] --END-- [ RunTime:0.000760s ]

[ 2018-02-07T20:17:48+08:00 ] 127.0.0.1 /index.php/Admin/Index/head.html
INFO: [ app_init ] --START--
INFO: Run Behavior\BuildLiteBehavior [ RunTime:0.000049s ]
INFO: [ app_init ] --END-- [ RunTime:0.000669s ]

[ 2018-02-07T20:17:48+08:00 ] 127.0.0.1 /index.php/Admin/Index/right.html
INFO: [ app_init ] --START--
INFO: Run Behavior\BuildLiteBehavior [ RunTime:0.000035s ]
INFO: [ app_init ] --END-- [ RunTime:0.000549s ]

[ 2018-02-07T20:17:50+08:00 ] 127.0.0.1 /index.php/Admin/Goods/showlist
INFO: [ app_init ] --START--
INFO: Run Behavior\BuildLiteBehavior [ RunTime:0.000025s ]
INFO: [ app_init ] --END-- [ RunTime:0.000347s ]

[ 2018-02-07T20:17:51+08:00 ] 127.0.0.1 /index.php/Admin/Goods/upd/goods_id/23.html
INFO: [ app_init ] --START--
INFO: Run Behavior\BuildLiteBehavior [ RunTime:0.000038s ]
INFO: [ app_init ] --END-- [ RunTime:0.000544s ]

[ 2018-02-07T20:17:51+08:00 ] 127.0.0.1 /index.php/Admin/Goods/getAttributeByTypeUpd.html?type_id=0&goods_id=23
INFO: [ app_init ] --START--
INFO: Run Behavior\BuildLiteBehavior [ RunTime:0.000023s ]
INFO: [ app_init ] --END-- [ RunTime:0.000334s ]
INFO: [ app_begin ] --START--
INFO: Run Behavior\ReadHtmlCacheBehavior [ RunTime:0.000513s ]
INFO: [ app_begin ] --END-- [ RunTime:0.000639s ]
SQL: SHOW COLUMNS FROM `tp_manager` [ RunTime:0.0059s ]
SQL: SELECT r.role_auth_ac FROM tp_manager m INNER JOIN tp_role r on m.mg_role_id=r.role_id  WHERE `mg_id` = '3' LIMIT 1   [ RunTime:0.0003s ]
SQL: SHOW COLUMNS FROM `tp_goods` [ RunTime:0.0059s ]
SQL: SELECT * FROM `tp_goods` WHERE `goods_id` = 23 LIMIT 1   [ RunTime:0.0015s ]
SQL: SHOW COLUMNS FROM `tp_goods_attr` [ RunTime:0.0289s ]
SQL: SELECT g.attr_id,g.attr_value,a.attr_name,a.attr_is_sel,a.attr_sel_opt FROM tp_goods_attr g INNER JOIN tp_attribute a on g.attr_id=a.attr_id  WHERE `goods_id` = '23'  [ RunTime:0.0121s ]
INFO: [ app_end ] --START--
INFO: Run Behavior\ShowPageTraceBehavior [ RunTime:0.000487s ]
INFO: [ app_end ] --END-- [ RunTime:0.000630s ]

[ 2018-02-07T20:19:28+08:00 ] 127.0.0.1 /index.php/Admin/Goods/showlist
INFO: [ app_init ] --START--
INFO: Run Behavior\BuildLiteBehavior [ RunTime:0.000024s ]
INFO: [ app_init ] --END-- [ RunTime:0.000347s ]

[ 2018-02-07T20:19:30+08:00 ] 127.0.0.1 /index.php/Admin/Goods/upd/goods_id/20.html
INFO: [ app_init ] --START--
INFO: Run Behavior\BuildLiteBehavior [ RunTime:0.000023s ]
INFO: [ app_init ] --END-- [ RunTime:0.000347s ]

[ 2018-02-07T20:19:30+08:00 ] 127.0.0.1 /index.php/Admin/Goods/getAttributeByTypeUpd.html?type_id=1&goods_id=20
INFO: [ app_init ] --START--
INFO: Run Behavior\BuildLiteBehavior [ RunTime:0.000037s ]
INFO: [ app_init ] --END-- [ RunTime:0.000470s ]
INFO: [ app_begin ] --START--
INFO: Run Behavior\ReadHtmlCacheBehavior [ RunTime:0.000328s ]
INFO: [ app_begin ] --END-- [ RunTime:0.000410s ]
SQL: SHOW COLUMNS FROM `tp_manager` [ RunTime:0.0063s ]
SQL: SELECT r.role_auth_ac FROM tp_manager m INNER JOIN tp_role r on m.mg_role_id=r.role_id  WHERE `mg_id` = '3' LIMIT 1   [ RunTime:0.0003s ]
SQL: SHOW COLUMNS FROM `tp_goods` [ RunTime:0.0060s ]
SQL: SELECT * FROM `tp_goods` WHERE `goods_id` = 20 LIMIT 1   [ RunTime:0.0004s ]
SQL: SHOW COLUMNS FROM `tp_goods_attr` [ RunTime:0.0088s ]
SQL: SELECT g.attr_id,g.attr_value,a.attr_name,a.attr_is_sel,a.attr_sel_opt FROM tp_goods_attr g INNER JOIN tp_attribute a on g.attr_id=a.attr_id  WHERE `goods_id` = '20'  [ RunTime:0.0066s ]
INFO: [ app_end ] --START--
INFO: Run Behavior\ShowPageTraceBehavior [ RunTime:0.000446s ]
INFO: [ app_end ] --END-- [ RunTime:0.000572s ]

[ 2018-02-07T20:19:35+08:00 ] 127.0.0.1 /index.php/Admin/Goods/upd/goods_id/20.html
INFO: [ app_init ] --START--
INFO: Run Behavior\BuildLiteBehavior [ RunTime:0.000024s ]
INFO: [ app_init ] --END-- [ RunTime:0.000336s ]

[ 2018-02-07T20:19:37+08:00 ] 127.0.0.1 /index.php/Admin/Goods/showlist.html
INFO: [ app_init ] --START--
INFO: Run Behavior\BuildLiteBehavior [ RunTime:0.000049s ]
INFO: [ app_init ] --END-- [ RunTime:0.000929s ]

