[ 2018-02-02T19:11:26+08:00 ] 127.0.0.1 /index.php/admin/index/index
INFO: [ app_init ] --START--
INFO: Run Behavior\BuildLiteBehavior [ RunTime:0.000030s ]
INFO: [ app_init ] --END-- [ RunTime:0.003292s ]

[ 2018-02-02T19:12:40+08:00 ] 127.0.0.1 /index.php/admin/Admin/
INFO: [ app_init ] --START--
INFO: Run Behavior\BuildLiteBehavior [ RunTime:0.000027s ]
INFO: [ app_init ] --END-- [ RunTime:0.000383s ]
ERR: 非法操作:index

[ 2018-02-02T19:12:47+08:00 ] 127.0.0.1 /index.php/admin/index/index
INFO: [ app_init ] --START--
INFO: Run Behavior\BuildLiteBehavior [ RunTime:0.000023s ]
INFO: [ app_init ] --END-- [ RunTime:0.000332s ]

[ 2018-02-02T19:14:11+08:00 ] 127.0.0.1 /index.php/admin/admin/login
INFO: [ app_init ] --START--
INFO: Run Behavior\BuildLiteBehavior [ RunTime:0.000036s ]
INFO: [ app_init ] --END-- [ RunTime:0.000593s ]

[ 2018-02-02T19:14:11+08:00 ] 127.0.0.1 /index.php/Admin/Admin/verify.html
INFO: [ app_init ] --START--
INFO: Run Behavior\BuildLiteBehavior [ RunTime:0.000053s ]
INFO: [ app_init ] --END-- [ RunTime:0.000756s ]

[ 2018-02-02T19:14:15+08:00 ] 127.0.0.1 /index.php/admin/admin
INFO: [ app_init ] --START--
INFO: Run Behavior\BuildLiteBehavior [ RunTime:0.000029s ]
INFO: [ app_init ] --END-- [ RunTime:0.000390s ]
ERR: 非法操作:index

[ 2018-02-02T19:14:15+08:00 ] 127.0.0.1 /index.php/admin/Admin/login
INFO: [ app_init ] --START--
INFO: Run Behavior\BuildLiteBehavior [ RunTime:0.000026s ]
INFO: [ app_init ] --END-- [ RunTime:0.000356s ]

[ 2018-02-02T19:14:15+08:00 ] 127.0.0.1 /index.php/Admin/Admin/verify.html
INFO: [ app_init ] --START--
INFO: Run Behavior\BuildLiteBehavior [ RunTime:0.000042s ]
INFO: [ app_init ] --END-- [ RunTime:0.000582s ]

[ 2018-02-02T19:14:24+08:00 ] 127.0.0.1 /index.php/admin/Admin/index/index
INFO: [ app_init ] --START--
INFO: Run Behavior\BuildLiteBehavior [ RunTime:0.000028s ]
INFO: [ app_init ] --END-- [ RunTime:0.000418s ]
ERR: 非法操作:index

[ 2018-02-02T19:14:24+08:00 ] 127.0.0.1 /index.php/admin/Admin/login
INFO: [ app_init ] --START--
INFO: Run Behavior\BuildLiteBehavior [ RunTime:0.000023s ]
INFO: [ app_init ] --END-- [ RunTime:0.000312s ]

[ 2018-02-02T19:14:24+08:00 ] 127.0.0.1 /index.php/Admin/Admin/verify.html
INFO: [ app_init ] --START--
INFO: Run Behavior\BuildLiteBehavior [ RunTime:0.000023s ]
INFO: [ app_init ] --END-- [ RunTime:0.000327s ]

[ 2018-02-02T19:20:54+08:00 ] 127.0.0.1 /index.php/Admin/Admin/checkCode.html?code=hx
INFO: [ app_init ] --START--
INFO: Run Behavior\BuildLiteBehavior [ RunTime:0.000066s ]
INFO: [ app_init ] --END-- [ RunTime:0.000823s ]
INFO: [ app_begin ] --START--
INFO: Run Behavior\ReadHtmlCacheBehavior [ RunTime:0.000897s ]
INFO: [ app_begin ] --END-- [ RunTime:0.001129s ]
INFO: [ app_end ] --START--
INFO: Run Behavior\ShowPageTraceBehavior [ RunTime:0.001647s ]
INFO: [ app_end ] --END-- [ RunTime:0.002075s ]

[ 2018-02-02T19:20:54+08:00 ] 127.0.0.1 /index.php/Admin/Admin/checkCode.html?code=hx
INFO: [ app_init ] --START--
INFO: Run Behavior\BuildLiteBehavior [ RunTime:0.000052s ]
INFO: [ app_init ] --END-- [ RunTime:0.000649s ]
INFO: [ app_begin ] --START--
INFO: Run Behavior\ReadHtmlCacheBehavior [ RunTime:0.000624s ]
INFO: [ app_begin ] --END-- [ RunTime:0.000793s ]
INFO: [ app_end ] --START--
INFO: Run Behavior\ShowPageTraceBehavior [ RunTime:0.000661s ]
INFO: [ app_end ] --END-- [ RunTime:0.000881s ]

[ 2018-02-02T19:20:58+08:00 ] 127.0.0.1 /index.php/Admin/Admin/verify/0.8898776554107757
INFO: [ app_init ] --START--
INFO: Run Behavior\BuildLiteBehavior [ RunTime:0.000026s ]
INFO: [ app_init ] --END-- [ RunTime:0.000356s ]

[ 2018-02-02T19:20:59+08:00 ] 127.0.0.1 /index.php/Admin/Admin/checkCode.html?code=2h
INFO: [ app_init ] --START--
INFO: Run Behavior\BuildLiteBehavior [ RunTime:0.000058s ]
INFO: [ app_init ] --END-- [ RunTime:0.000736s ]
INFO: [ app_begin ] --START--
INFO: Run Behavior\ReadHtmlCacheBehavior [ RunTime:0.000732s ]
INFO: [ app_begin ] --END-- [ RunTime:0.000937s ]
INFO: [ app_end ] --START--
INFO: Run Behavior\ShowPageTraceBehavior [ RunTime:0.000730s ]
INFO: [ app_end ] --END-- [ RunTime:0.000953s ]

[ 2018-02-02T19:21:00+08:00 ] 127.0.0.1 /index.php/admin/Admin/login
INFO: [ app_init ] --START--
INFO: Run Behavior\BuildLiteBehavior [ RunTime:0.000028s ]
INFO: [ app_init ] --END-- [ RunTime:0.000389s ]

[ 2018-02-02T19:21:00+08:00 ] 127.0.0.1 /index.php/Admin/Index/index.html
INFO: [ app_init ] --START--
INFO: Run Behavior\BuildLiteBehavior [ RunTime:0.000024s ]
INFO: [ app_init ] --END-- [ RunTime:0.000322s ]

[ 2018-02-02T19:21:01+08:00 ] 127.0.0.1 /index.php/Admin/Index/head.html
INFO: [ app_init ] --START--
INFO: Run Behavior\BuildLiteBehavior [ RunTime:0.000040s ]
INFO: [ app_init ] --END-- [ RunTime:0.000499s ]

[ 2018-02-02T19:21:01+08:00 ] 127.0.0.1 /index.php/Admin/Index/right.html
INFO: [ app_init ] --START--
INFO: Run Behavior\BuildLiteBehavior [ RunTime:0.000040s ]
INFO: [ app_init ] --END-- [ RunTime:0.000587s ]

[ 2018-02-02T19:21:01+08:00 ] 127.0.0.1 /index.php/Admin/Index/left.html
INFO: [ app_init ] --START--
INFO: Run Behavior\BuildLiteBehavior [ RunTime:0.000040s ]
INFO: [ app_init ] --END-- [ RunTime:0.000573s ]

[ 2018-02-02T19:21:04+08:00 ] 127.0.0.1 /index.php/Admin/Auth/showlist
INFO: [ app_init ] --START--
INFO: Run Behavior\BuildLiteBehavior [ RunTime:0.000028s ]
INFO: [ app_init ] --END-- [ RunTime:0.000372s ]

[ 2018-02-02T19:21:06+08:00 ] 127.0.0.1 /index.php/Admin/Auth/tianjia.html
INFO: [ app_init ] --START--
INFO: Run Behavior\BuildLiteBehavior [ RunTime:0.000027s ]
INFO: [ app_init ] --END-- [ RunTime:0.000369s ]

[ 2018-02-02T19:21:28+08:00 ] 127.0.0.1 /index.php/Admin/Auth/tianjia.html
INFO: [ app_init ] --START--
INFO: Run Behavior\BuildLiteBehavior [ RunTime:0.000026s ]
INFO: [ app_init ] --END-- [ RunTime:0.000360s ]

[ 2018-02-02T19:21:30+08:00 ] 127.0.0.1 /index.php/Admin/Auth/showlist.html
INFO: [ app_init ] --START--
INFO: Run Behavior\BuildLiteBehavior [ RunTime:0.000057s ]
INFO: [ app_init ] --END-- [ RunTime:0.000919s ]

[ 2018-02-02T19:21:32+08:00 ] 127.0.0.1 /index.php/Admin/Index/index.html
INFO: [ app_init ] --START--
INFO: Run Behavior\BuildLiteBehavior [ RunTime:0.000070s ]
INFO: [ app_init ] --END-- [ RunTime:0.000886s ]

[ 2018-02-02T19:21:33+08:00 ] 127.0.0.1 /index.php/Admin/Index/head.html
INFO: [ app_init ] --START--
INFO: Run Behavior\BuildLiteBehavior [ RunTime:0.000042s ]
INFO: [ app_init ] --END-- [ RunTime:0.000686s ]

[ 2018-02-02T19:21:33+08:00 ] 127.0.0.1 /index.php/Admin/Index/left.html
INFO: [ app_init ] --START--
INFO: Run Behavior\BuildLiteBehavior [ RunTime:0.000052s ]
INFO: [ app_init ] --END-- [ RunTime:0.000573s ]

[ 2018-02-02T19:21:33+08:00 ] 127.0.0.1 /index.php/Admin/Index/right.html
INFO: [ app_init ] --START--
INFO: Run Behavior\BuildLiteBehavior [ RunTime:0.000039s ]
INFO: [ app_init ] --END-- [ RunTime:0.000520s ]

[ 2018-02-02T19:21:35+08:00 ] 127.0.0.1 /index.php/Admin/Type/showlist
INFO: [ app_init ] --START--
INFO: Run Behavior\BuildLiteBehavior [ RunTime:0.000025s ]
INFO: [ app_init ] --END-- [ RunTime:0.000349s ]

[ 2018-02-02T19:21:43+08:00 ] 127.0.0.1 /index.php/Admin/Type/tianjia.html
INFO: [ app_init ] --START--
INFO: Run Behavior\BuildLiteBehavior [ RunTime:0.000026s ]
INFO: [ app_init ] --END-- [ RunTime:0.000384s ]

[ 2018-02-02T19:21:46+08:00 ] 127.0.0.1 /index.php/Admin/Type/tianjia.html
INFO: [ app_init ] --START--
INFO: Run Behavior\BuildLiteBehavior [ RunTime:0.000033s ]
INFO: [ app_init ] --END-- [ RunTime:0.000373s ]

[ 2018-02-02T19:21:47+08:00 ] 127.0.0.1 /index.php/Admin/Type/showlist.html
INFO: [ app_init ] --START--
INFO: Run Behavior\BuildLiteBehavior [ RunTime:0.000061s ]
INFO: [ app_init ] --END-- [ RunTime:0.000856s ]

[ 2018-02-02T19:21:50+08:00 ] 127.0.0.1 /index.php/Admin/Type/tianjia.html
INFO: [ app_init ] --START--
INFO: Run Behavior\BuildLiteBehavior [ RunTime:0.000026s ]
INFO: [ app_init ] --END-- [ RunTime:0.000356s ]

[ 2018-02-02T19:21:56+08:00 ] 127.0.0.1 /index.php/Admin/Type/tianjia.html
INFO: [ app_init ] --START--
INFO: Run Behavior\BuildLiteBehavior [ RunTime:0.000026s ]
INFO: [ app_init ] --END-- [ RunTime:0.000356s ]

[ 2018-02-02T19:21:57+08:00 ] 127.0.0.1 /index.php/Admin/Type/showlist.html
INFO: [ app_init ] --START--
INFO: Run Behavior\BuildLiteBehavior [ RunTime:0.000045s ]
INFO: [ app_init ] --END-- [ RunTime:0.000613s ]

[ 2018-02-02T19:21:58+08:00 ] 127.0.0.1 /index.php/Admin/Type/tianjia.html
INFO: [ app_init ] --START--
INFO: Run Behavior\BuildLiteBehavior [ RunTime:0.000027s ]
INFO: [ app_init ] --END-- [ RunTime:0.000360s ]

[ 2018-02-02T19:22:02+08:00 ] 127.0.0.1 /index.php/Admin/Type/tianjia.html
INFO: [ app_init ] --START--
INFO: Run Behavior\BuildLiteBehavior [ RunTime:0.000027s ]
INFO: [ app_init ] --END-- [ RunTime:0.000362s ]

[ 2018-02-02T19:22:03+08:00 ] 127.0.0.1 /index.php/Admin/Type/showlist.html
INFO: [ app_init ] --START--
INFO: Run Behavior\BuildLiteBehavior [ RunTime:0.000089s ]
INFO: [ app_init ] --END-- [ RunTime:0.001286s ]

[ 2018-02-02T19:22:05+08:00 ] 127.0.0.1 /index.php/Admin/Type/tianjia.html
INFO: [ app_init ] --START--
INFO: Run Behavior\BuildLiteBehavior [ RunTime:0.000026s ]
INFO: [ app_init ] --END-- [ RunTime:0.000366s ]

[ 2018-02-02T19:22:08+08:00 ] 127.0.0.1 /index.php/Admin/Type/tianjia.html
INFO: [ app_init ] --START--
INFO: Run Behavior\BuildLiteBehavior [ RunTime:0.000025s ]
INFO: [ app_init ] --END-- [ RunTime:0.000361s ]

[ 2018-02-02T19:22:10+08:00 ] 127.0.0.1 /index.php/Admin/Type/showlist.html
INFO: [ app_init ] --START--
INFO: Run Behavior\BuildLiteBehavior [ RunTime:0.000116s ]
INFO: [ app_init ] --END-- [ RunTime:0.002052s ]

[ 2018-02-02T19:22:11+08:00 ] 127.0.0.1 /index.php/Admin/Type/tianjia.html
INFO: [ app_init ] --START--
INFO: Run Behavior\BuildLiteBehavior [ RunTime:0.000031s ]
INFO: [ app_init ] --END-- [ RunTime:0.000654s ]

[ 2018-02-02T19:22:15+08:00 ] 127.0.0.1 /index.php/Admin/Type/tianjia.html
INFO: [ app_init ] --START--
INFO: Run Behavior\BuildLiteBehavior [ RunTime:0.000025s ]
INFO: [ app_init ] --END-- [ RunTime:0.000354s ]

[ 2018-02-02T19:22:16+08:00 ] 127.0.0.1 /index.php/Admin/Type/showlist.html
INFO: [ app_init ] --START--
INFO: Run Behavior\BuildLiteBehavior [ RunTime:0.000093s ]
INFO: [ app_init ] --END-- [ RunTime:0.001711s ]

[ 2018-02-02T19:22:17+08:00 ] 127.0.0.1 /index.php/Admin/Type/tianjia.html
INFO: [ app_init ] --START--
INFO: Run Behavior\BuildLiteBehavior [ RunTime:0.000025s ]
INFO: [ app_init ] --END-- [ RunTime:0.000356s ]

[ 2018-02-02T19:22:21+08:00 ] 127.0.0.1 /index.php/Admin/Type/tianjia.html
INFO: [ app_init ] --START--
INFO: Run Behavior\BuildLiteBehavior [ RunTime:0.000026s ]
INFO: [ app_init ] --END-- [ RunTime:0.000360s ]

[ 2018-02-02T19:22:22+08:00 ] 127.0.0.1 /index.php/Admin/Type/showlist.html
INFO: [ app_init ] --START--
INFO: Run Behavior\BuildLiteBehavior [ RunTime:0.000051s ]
INFO: [ app_init ] --END-- [ RunTime:0.000753s ]

[ 2018-02-02T19:22:23+08:00 ] 127.0.0.1 /index.php/Admin/Type/tianjia.html
INFO: [ app_init ] --START--
INFO: Run Behavior\BuildLiteBehavior [ RunTime:0.000028s ]
INFO: [ app_init ] --END-- [ RunTime:0.000390s ]

[ 2018-02-02T19:22:30+08:00 ] 127.0.0.1 /index.php/Admin/Type/tianjia.html
INFO: [ app_init ] --START--
INFO: Run Behavior\BuildLiteBehavior [ RunTime:0.000025s ]
INFO: [ app_init ] --END-- [ RunTime:0.000355s ]

[ 2018-02-02T19:22:32+08:00 ] 127.0.0.1 /index.php/Admin/Type/showlist.html
INFO: [ app_init ] --START--
INFO: Run Behavior\BuildLiteBehavior [ RunTime:0.000053s ]
INFO: [ app_init ] --END-- [ RunTime:0.000918s ]

[ 2018-02-02T19:39:49+08:00 ] 127.0.0.1 /index.php/Admin/Type/showlist
INFO: [ app_init ] --START--
INFO: Run Behavior\BuildLiteBehavior [ RunTime:0.000027s ]
INFO: [ app_init ] --END-- [ RunTime:0.000417s ]

[ 2018-02-02T19:39:50+08:00 ] 127.0.0.1 /index.php/Admin/Attribute/showlist/type_id/1.html
INFO: [ app_init ] --START--
INFO: Run Behavior\BuildLiteBehavior [ RunTime:0.000025s ]
INFO: [ app_init ] --END-- [ RunTime:0.000357s ]

[ 2018-02-02T19:39:52+08:00 ] 127.0.0.1 /index.php/Admin/Type/showlist
INFO: [ app_init ] --START--
INFO: Run Behavior\BuildLiteBehavior [ RunTime:0.000021s ]
INFO: [ app_init ] --END-- [ RunTime:0.000293s ]

[ 2018-02-02T19:39:53+08:00 ] 127.0.0.1 /index.php/Admin/Attribute/showlist/type_id/1.html
INFO: [ app_init ] --START--
INFO: Run Behavior\BuildLiteBehavior [ RunTime:0.000026s ]
INFO: [ app_init ] --END-- [ RunTime:0.000360s ]

[ 2018-02-02T19:39:55+08:00 ] 127.0.0.1 /index.php/Admin/Type/showlist
INFO: [ app_init ] --START--
INFO: Run Behavior\BuildLiteBehavior [ RunTime:0.000029s ]
INFO: [ app_init ] --END-- [ RunTime:0.000389s ]

[ 2018-02-02T19:39:56+08:00 ] 127.0.0.1 /index.php/Admin/Attribute/showlist/type_id/1.html
INFO: [ app_init ] --START--
INFO: Run Behavior\BuildLiteBehavior [ RunTime:0.000026s ]
INFO: [ app_init ] --END-- [ RunTime:0.000355s ]

[ 2018-02-02T19:39:58+08:00 ] 127.0.0.1 /index.php/Admin/Type/showlist
INFO: [ app_init ] --START--
INFO: Run Behavior\BuildLiteBehavior [ RunTime:0.000028s ]
INFO: [ app_init ] --END-- [ RunTime:0.000474s ]

[ 2018-02-02T19:39:59+08:00 ] 127.0.0.1 /index.php/Admin/Attribute/showlist/type_id/2.html
INFO: [ app_init ] --START--
INFO: Run Behavior\BuildLiteBehavior [ RunTime:0.000036s ]
INFO: [ app_init ] --END-- [ RunTime:0.000363s ]

[ 2018-02-02T20:16:30+08:00 ] 127.0.0.1 /index.php/Admin/Type/showlist
INFO: [ app_init ] --START--
INFO: Run Behavior\BuildLiteBehavior [ RunTime:0.000027s ]
INFO: [ app_init ] --END-- [ RunTime:0.000390s ]

[ 2018-02-02T20:16:32+08:00 ] 127.0.0.1 /index.php/Admin/Attribute/showlist/type_id/1.html
INFO: [ app_init ] --START--
INFO: Run Behavior\BuildLiteBehavior [ RunTime:0.000027s ]
INFO: [ app_init ] --END-- [ RunTime:0.000355s ]

[ 2018-02-02T20:16:37+08:00 ] 127.0.0.1 /index.php/Admin/Type/showlist
INFO: [ app_init ] --START--
INFO: Run Behavior\BuildLiteBehavior [ RunTime:0.000026s ]
INFO: [ app_init ] --END-- [ RunTime:0.000367s ]

[ 2018-02-02T20:16:38+08:00 ] 127.0.0.1 /index.php/Admin/Attribute/showlist/type_id/1.html
INFO: [ app_init ] --START--
INFO: Run Behavior\BuildLiteBehavior [ RunTime:0.000025s ]
INFO: [ app_init ] --END-- [ RunTime:0.000354s ]

[ 2018-02-02T20:16:45+08:00 ] 127.0.0.1 /index.php/Admin/Type/showlist
INFO: [ app_init ] --START--
INFO: Run Behavior\BuildLiteBehavior [ RunTime:0.000030s ]
INFO: [ app_init ] --END-- [ RunTime:0.000574s ]

[ 2018-02-02T20:16:47+08:00 ] 127.0.0.1 /index.php/Admin/Attribute/showlist/type_id/1.html
INFO: [ app_init ] --START--
INFO: Run Behavior\BuildLiteBehavior [ RunTime:0.000031s ]
INFO: [ app_init ] --END-- [ RunTime:0.000375s ]

[ 2018-02-02T20:17:14+08:00 ] 127.0.0.1 /index.php/Admin/Attribute/tianjia.html
INFO: [ app_init ] --START--
INFO: Run Behavior\BuildLiteBehavior [ RunTime:0.000040s ]
INFO: [ app_init ] --END-- [ RunTime:0.000429s ]

[ 2018-02-02T20:17:17+08:00 ] 127.0.0.1 /index.php/Admin/Attribute/showlist.html
INFO: [ app_init ] --START--
INFO: Run Behavior\BuildLiteBehavior [ RunTime:0.000027s ]
INFO: [ app_init ] --END-- [ RunTime:0.000374s ]

[ 2018-02-02T20:22:04+08:00 ] 127.0.0.1 /index.php/Admin/Attribute/tianjia.html
INFO: [ app_init ] --START--
INFO: Run Behavior\BuildLiteBehavior [ RunTime:0.000032s ]
INFO: [ app_init ] --END-- [ RunTime:0.000521s ]

[ 2018-02-02T20:23:18+08:00 ] 127.0.0.1 /index.php/Admin/Attribute/tianjia.html
INFO: [ app_init ] --START--
INFO: Run Behavior\BuildLiteBehavior [ RunTime:0.000044s ]
INFO: [ app_init ] --END-- [ RunTime:0.000617s ]

[ 2018-02-02T20:23:20+08:00 ] 127.0.0.1 /index.php/Admin/Attribute/tianjia.html
INFO: [ app_init ] --START--
INFO: Run Behavior\BuildLiteBehavior [ RunTime:0.000045s ]
INFO: [ app_init ] --END-- [ RunTime:0.000819s ]

[ 2018-02-02T20:23:20+08:00 ] 127.0.0.1 /index.php/Admin/Attribute/tianjia.html
INFO: [ app_init ] --START--
INFO: Run Behavior\BuildLiteBehavior [ RunTime:0.000023s ]
INFO: [ app_init ] --END-- [ RunTime:0.000321s ]

[ 2018-02-02T20:23:21+08:00 ] 127.0.0.1 /index.php/Admin/Attribute/tianjia.html
INFO: [ app_init ] --START--
INFO: Run Behavior\BuildLiteBehavior [ RunTime:0.000023s ]
INFO: [ app_init ] --END-- [ RunTime:0.000342s ]

[ 2018-02-02T20:25:55+08:00 ] 127.0.0.1 /index.php/Admin/Attribute/tianjia.html
INFO: [ app_init ] --START--
INFO: Run Behavior\BuildLiteBehavior [ RunTime:0.000027s ]
INFO: [ app_init ] --END-- [ RunTime:0.000389s ]

[ 2018-02-02T20:25:55+08:00 ] 127.0.0.1 /index.php/Admin/Attribute/tianjia.html
INFO: [ app_init ] --START--
INFO: Run Behavior\BuildLiteBehavior [ RunTime:0.000030s ]
INFO: [ app_init ] --END-- [ RunTime:0.000547s ]

[ 2018-02-02T20:26:23+08:00 ] 127.0.0.1 /index.php/Admin/Attribute/tianjia.html
INFO: [ app_init ] --START--
INFO: Run Behavior\BuildLiteBehavior [ RunTime:0.000026s ]
INFO: [ app_init ] --END-- [ RunTime:0.000364s ]

[ 2018-02-02T20:26:24+08:00 ] 127.0.0.1 /index.php/Admin/Type/showlist.html
INFO: [ app_init ] --START--
INFO: Run Behavior\BuildLiteBehavior [ RunTime:0.000041s ]
INFO: [ app_init ] --END-- [ RunTime:0.000574s ]

[ 2018-02-02T20:26:28+08:00 ] 127.0.0.1 /index.php/Admin/Attribute/showlist/type_id/1.html
INFO: [ app_init ] --START--
INFO: Run Behavior\BuildLiteBehavior [ RunTime:0.000027s ]
INFO: [ app_init ] --END-- [ RunTime:0.000365s ]

[ 2018-02-02T20:26:35+08:00 ] 127.0.0.1 /index.php/Admin/Attribute/showlist/type_id/1.html
INFO: [ app_init ] --START--
INFO: Run Behavior\BuildLiteBehavior [ RunTime:0.000027s ]
INFO: [ app_init ] --END-- [ RunTime:0.000366s ]

[ 2018-02-02T20:26:40+08:00 ] 127.0.0.1 /index.php/Admin/Attribute/tianjia.html
INFO: [ app_init ] --START--
INFO: Run Behavior\BuildLiteBehavior [ RunTime:0.000044s ]
INFO: [ app_init ] --END-- [ RunTime:0.000527s ]

[ 2018-02-02T20:27:06+08:00 ] 127.0.0.1 /index.php/Admin/Attribute/tianjia.html
INFO: [ app_init ] --START--
INFO: Run Behavior\BuildLiteBehavior [ RunTime:0.000026s ]
INFO: [ app_init ] --END-- [ RunTime:0.000359s ]

[ 2018-02-02T20:27:07+08:00 ] 127.0.0.1 /index.php/Admin/Type/showlist.html
INFO: [ app_init ] --START--
INFO: Run Behavior\BuildLiteBehavior [ RunTime:0.000027s ]
INFO: [ app_init ] --END-- [ RunTime:0.000371s ]

[ 2018-02-02T20:27:09+08:00 ] 127.0.0.1 /index.php/Admin/Attribute/showlist/type_id/4.html
INFO: [ app_init ] --START--
INFO: Run Behavior\BuildLiteBehavior [ RunTime:0.000026s ]
INFO: [ app_init ] --END-- [ RunTime:0.000371s ]

[ 2018-02-02T20:27:18+08:00 ] 127.0.0.1 /index.php/Admin/Attribute/showlist/type_id/1.html
INFO: [ app_init ] --START--
INFO: Run Behavior\BuildLiteBehavior [ RunTime:0.000027s ]
INFO: [ app_init ] --END-- [ RunTime:0.000355s ]

[ 2018-02-02T20:27:54+08:00 ] 127.0.0.1 /index.php/Admin/Attribute/tianjia.html
INFO: [ app_init ] --START--
INFO: Run Behavior\BuildLiteBehavior [ RunTime:0.000028s ]
INFO: [ app_init ] --END-- [ RunTime:0.000413s ]

[ 2018-02-02T20:33:07+08:00 ] 127.0.0.1 /index.php/Admin/Attribute/tianjia.html
INFO: [ app_init ] --START--
INFO: Run Behavior\BuildLiteBehavior [ RunTime:0.000027s ]
INFO: [ app_init ] --END-- [ RunTime:0.000405s ]

[ 2018-02-02T20:33:09+08:00 ] 127.0.0.1 /index.php/Admin/type/showlist.html
INFO: [ app_init ] --START--
INFO: Run Behavior\BuildLiteBehavior [ RunTime:0.000027s ]
INFO: [ app_init ] --END-- [ RunTime:0.000371s ]

[ 2018-02-02T20:33:11+08:00 ] 127.0.0.1 /index.php/Admin/Attribute/showlist/type_id/1.html
INFO: [ app_init ] --START--
INFO: Run Behavior\BuildLiteBehavior [ RunTime:0.000028s ]
INFO: [ app_init ] --END-- [ RunTime:0.000416s ]

[ 2018-02-02T20:39:11+08:00 ] 127.0.0.1 /index.php/Admin/Attribute/showlist/type_id/1.html
INFO: [ app_init ] --START--
INFO: Run Behavior\BuildLiteBehavior [ RunTime:0.000031s ]
INFO: [ app_init ] --END-- [ RunTime:0.000495s ]

[ 2018-02-02T20:39:12+08:00 ] 127.0.0.1 /index.php/Admin/Attribute/showlist/type_id/1.html
INFO: [ app_init ] --START--
INFO: Run Behavior\BuildLiteBehavior [ RunTime:0.000026s ]
INFO: [ app_init ] --END-- [ RunTime:0.000360s ]

[ 2018-02-02T20:39:12+08:00 ] 127.0.0.1 /index.php/Admin/Attribute/showlist/type_id/1.html
INFO: [ app_init ] --START--
INFO: Run Behavior\BuildLiteBehavior [ RunTime:0.000025s ]
INFO: [ app_init ] --END-- [ RunTime:0.000346s ]

[ 2018-02-02T20:39:12+08:00 ] 127.0.0.1 /index.php/Admin/Attribute/showlist/type_id/1.html
INFO: [ app_init ] --START--
INFO: Run Behavior\BuildLiteBehavior [ RunTime:0.000022s ]
INFO: [ app_init ] --END-- [ RunTime:0.000351s ]

[ 2018-02-02T20:39:12+08:00 ] 127.0.0.1 /index.php/Admin/Attribute/showlist/type_id/1.html
INFO: [ app_init ] --START--
INFO: Run Behavior\BuildLiteBehavior [ RunTime:0.000030s ]
INFO: [ app_init ] --END-- [ RunTime:0.000427s ]

[ 2018-02-02T20:39:13+08:00 ] 127.0.0.1 /index.php/Admin/Attribute/showlist/type_id/1.html
INFO: [ app_init ] --START--
INFO: Run Behavior\BuildLiteBehavior [ RunTime:0.000040s ]
INFO: [ app_init ] --END-- [ RunTime:0.000345s ]

[ 2018-02-02T20:39:13+08:00 ] 127.0.0.1 /index.php/Admin/Attribute/showlist/type_id/1.html
INFO: [ app_init ] --START--
INFO: Run Behavior\BuildLiteBehavior [ RunTime:0.000045s ]
INFO: [ app_init ] --END-- [ RunTime:0.000594s ]

[ 2018-02-02T20:39:13+08:00 ] 127.0.0.1 /index.php/Admin/Attribute/showlist/type_id/1.html
INFO: [ app_init ] --START--
INFO: Run Behavior\BuildLiteBehavior [ RunTime:0.000024s ]
INFO: [ app_init ] --END-- [ RunTime:0.000361s ]

[ 2018-02-02T20:39:14+08:00 ] 127.0.0.1 /index.php/Admin/Attribute/tianjia.html
INFO: [ app_init ] --START--
INFO: Run Behavior\BuildLiteBehavior [ RunTime:0.000027s ]
INFO: [ app_init ] --END-- [ RunTime:0.000397s ]

[ 2018-02-02T20:39:15+08:00 ] 127.0.0.1 /index.php/Admin/type/showlist.html
INFO: [ app_init ] --START--
INFO: Run Behavior\BuildLiteBehavior [ RunTime:0.000028s ]
INFO: [ app_init ] --END-- [ RunTime:0.000380s ]

[ 2018-02-02T20:39:17+08:00 ] 127.0.0.1 /index.php/Admin/Attribute/showlist/type_id/4.html
INFO: [ app_init ] --START--
INFO: Run Behavior\BuildLiteBehavior [ RunTime:0.000031s ]
INFO: [ app_init ] --END-- [ RunTime:0.000450s ]

[ 2018-02-02T20:41:59+08:00 ] 127.0.0.1 /index.php/Admin/Attribute/showlist/type_id/4.html
INFO: [ app_init ] --START--
INFO: Run Behavior\BuildLiteBehavior [ RunTime:0.000028s ]
INFO: [ app_init ] --END-- [ RunTime:0.000443s ]

[ 2018-02-02T20:42:00+08:00 ] 127.0.0.1 /index.php/Admin/Attribute/showlist/type_id/4.html
INFO: [ app_init ] --START--
INFO: Run Behavior\BuildLiteBehavior [ RunTime:0.000025s ]
INFO: [ app_init ] --END-- [ RunTime:0.000360s ]

[ 2018-02-02T20:42:00+08:00 ] 127.0.0.1 /index.php/Admin/Attribute/showlist/type_id/4.html
INFO: [ app_init ] --START--
INFO: Run Behavior\BuildLiteBehavior [ RunTime:0.000028s ]
INFO: [ app_init ] --END-- [ RunTime:0.000446s ]

[ 2018-02-02T20:42:02+08:00 ] 127.0.0.1 /index.php/Admin/Attribute/tianjia.html
INFO: [ app_init ] --START--
INFO: Run Behavior\BuildLiteBehavior [ RunTime:0.000027s ]
INFO: [ app_init ] --END-- [ RunTime:0.000408s ]

[ 2018-02-02T20:42:10+08:00 ] 127.0.0.1 /index.php/Admin/Attribute/tianjia.html
INFO: [ app_init ] --START--
INFO: Run Behavior\BuildLiteBehavior [ RunTime:0.000027s ]
INFO: [ app_init ] --END-- [ RunTime:0.000412s ]

[ 2018-02-02T20:42:11+08:00 ] 127.0.0.1 /index.php/Admin/Type/showlist.html
INFO: [ app_init ] --START--
INFO: Run Behavior\BuildLiteBehavior [ RunTime:0.000034s ]
INFO: [ app_init ] --END-- [ RunTime:0.000473s ]

[ 2018-02-02T20:42:15+08:00 ] 127.0.0.1 /index.php/Admin/Type/tianjia.html
INFO: [ app_init ] --START--
INFO: Run Behavior\BuildLiteBehavior [ RunTime:0.000027s ]
INFO: [ app_init ] --END-- [ RunTime:0.000367s ]

[ 2018-02-02T20:42:22+08:00 ] 127.0.0.1 /index.php/Admin/Type/showlist.html
INFO: [ app_init ] --START--
INFO: Run Behavior\BuildLiteBehavior [ RunTime:0.000026s ]
INFO: [ app_init ] --END-- [ RunTime:0.000375s ]

[ 2018-02-02T20:43:09+08:00 ] 127.0.0.1 /index.php/Admin/Type/showlist.html
INFO: [ app_init ] --START--
INFO: Run Behavior\BuildLiteBehavior [ RunTime:0.000027s ]
INFO: [ app_init ] --END-- [ RunTime:0.000370s ]

[ 2018-02-02T20:43:11+08:00 ] 127.0.0.1 /index.php/Admin/Attribute/showlist/type_id/1.html
INFO: [ app_init ] --START--
INFO: Run Behavior\BuildLiteBehavior [ RunTime:0.000042s ]
INFO: [ app_init ] --END-- [ RunTime:0.000462s ]

[ 2018-02-02T20:43:18+08:00 ] 127.0.0.1 /index.php/Admin/Attribute/getInfoByType.html?type_id=4
INFO: [ app_init ] --START--
INFO: Run Behavior\BuildLiteBehavior [ RunTime:0.000026s ]
INFO: [ app_init ] --END-- [ RunTime:0.000367s ]
INFO: [ app_begin ] --START--
INFO: Run Behavior\ReadHtmlCacheBehavior [ RunTime:0.000359s ]
INFO: [ app_begin ] --END-- [ RunTime:0.000457s ]
SQL: SHOW COLUMNS FROM `tp_manager` [ RunTime:0.0095s ]
SQL: SELECT r.role_auth_ac FROM tp_manager m INNER JOIN tp_role r on m.mg_role_id=r.role_id  WHERE `mg_id` = '3' LIMIT 1   [ RunTime:0.0003s ]
ERR: 非法操作:getInfoByType

[ 2018-02-02T20:45:01+08:00 ] 127.0.0.1 /index.php/Admin/Attribute/tianjia.html
INFO: [ app_init ] --START--
INFO: Run Behavior\BuildLiteBehavior [ RunTime:0.000027s ]
INFO: [ app_init ] --END-- [ RunTime:0.000409s ]

[ 2018-02-02T20:45:07+08:00 ] 127.0.0.1 /index.php/Admin/Attribute/tianjia.html
INFO: [ app_init ] --START--
INFO: Run Behavior\BuildLiteBehavior [ RunTime:0.000026s ]
INFO: [ app_init ] --END-- [ RunTime:0.000373s ]

[ 2018-02-02T20:45:08+08:00 ] 127.0.0.1 /index.php/Admin/Type/showlist.html
INFO: [ app_init ] --START--
INFO: Run Behavior\BuildLiteBehavior [ RunTime:0.000044s ]
INFO: [ app_init ] --END-- [ RunTime:0.000644s ]

[ 2018-02-02T20:45:09+08:00 ] 127.0.0.1 /index.php/Admin/Attribute/showlist/type_id/4.html
INFO: [ app_init ] --START--
INFO: Run Behavior\BuildLiteBehavior [ RunTime:0.000027s ]
INFO: [ app_init ] --END-- [ RunTime:0.000428s ]

[ 2018-02-02T20:45:12+08:00 ] 127.0.0.1 /index.php/Admin/Attribute/getInfoByType.html?type_id=1
INFO: [ app_init ] --START--
INFO: Run Behavior\BuildLiteBehavior [ RunTime:0.000027s ]
INFO: [ app_init ] --END-- [ RunTime:0.000380s ]
INFO: [ app_begin ] --START--
INFO: Run Behavior\ReadHtmlCacheBehavior [ RunTime:0.000421s ]
INFO: [ app_begin ] --END-- [ RunTime:0.000541s ]
SQL: SHOW COLUMNS FROM `tp_manager` [ RunTime:0.0067s ]
SQL: SELECT r.role_auth_ac FROM tp_manager m INNER JOIN tp_role r on m.mg_role_id=r.role_id  WHERE `mg_id` = '3' LIMIT 1   [ RunTime:0.0002s ]
ERR: 非法操作:getInfoByType

[ 2018-02-02T20:45:14+08:00 ] 127.0.0.1 /index.php/Admin/Attribute/getInfoByType.html?type_id=4
INFO: [ app_init ] --START--
INFO: Run Behavior\BuildLiteBehavior [ RunTime:0.000026s ]
INFO: [ app_init ] --END-- [ RunTime:0.000362s ]
INFO: [ app_begin ] --START--
INFO: Run Behavior\ReadHtmlCacheBehavior [ RunTime:0.000361s ]
INFO: [ app_begin ] --END-- [ RunTime:0.000465s ]
SQL: SHOW COLUMNS FROM `tp_manager` [ RunTime:0.0097s ]
SQL: SELECT r.role_auth_ac FROM tp_manager m INNER JOIN tp_role r on m.mg_role_id=r.role_id  WHERE `mg_id` = '3' LIMIT 1   [ RunTime:0.0003s ]
ERR: 非法操作:getInfoByType

[ 2018-02-02T21:00:58+08:00 ] 127.0.0.1 /index.php/Admin/Attribute/showlist/type_id/4.html
INFO: [ app_init ] --START--
INFO: Run Behavior\BuildLiteBehavior [ RunTime:0.000030s ]
INFO: [ app_init ] --END-- [ RunTime:0.000456s ]

[ 2018-02-02T21:00:59+08:00 ] 127.0.0.1 /index.php/Admin/Attribute/getInfoByType.html?type_id=1
INFO: [ app_init ] --START--
INFO: Run Behavior\BuildLiteBehavior [ RunTime:0.000027s ]
INFO: [ app_init ] --END-- [ RunTime:0.000380s ]
INFO: [ app_begin ] --START--
INFO: Run Behavior\ReadHtmlCacheBehavior [ RunTime:0.000364s ]
INFO: [ app_begin ] --END-- [ RunTime:0.000462s ]
SQL: SHOW COLUMNS FROM `tp_manager` [ RunTime:0.0087s ]
SQL: SELECT r.role_auth_ac FROM tp_manager m INNER JOIN tp_role r on m.mg_role_id=r.role_id  WHERE `mg_id` = '3' LIMIT 1   [ RunTime:0.0003s ]
SQL: SHOW COLUMNS FROM `tp_attribute` [ RunTime:0.0067s ]
SQL: SELECT * FROM `tp_attribute` WHERE `attr_id` = 0  [ RunTime:0.0002s ]
INFO: [ app_end ] --START--
INFO: Run Behavior\ShowPageTraceBehavior [ RunTime:0.000422s ]
INFO: [ app_end ] --END-- [ RunTime:0.000519s ]

[ 2018-02-02T21:02:19+08:00 ] 127.0.0.1 /index.php/Admin/Attribute/showlist/type_id/4.html
INFO: [ app_init ] --START--
INFO: Run Behavior\BuildLiteBehavior [ RunTime:0.000029s ]
INFO: [ app_init ] --END-- [ RunTime:0.000437s ]

[ 2018-02-02T21:02:20+08:00 ] 127.0.0.1 /index.php/Admin/Attribute/getInfoByType.html?type_id=1
INFO: [ app_init ] --START--
INFO: Run Behavior\BuildLiteBehavior [ RunTime:0.000026s ]
INFO: [ app_init ] --END-- [ RunTime:0.000362s ]
INFO: [ app_begin ] --START--
INFO: Run Behavior\ReadHtmlCacheBehavior [ RunTime:0.000473s ]
INFO: [ app_begin ] --END-- [ RunTime:0.000610s ]
SQL: SHOW COLUMNS FROM `tp_manager` [ RunTime:0.0085s ]
SQL: SELECT r.role_auth_ac FROM tp_manager m INNER JOIN tp_role r on m.mg_role_id=r.role_id  WHERE `mg_id` = '3' LIMIT 1   [ RunTime:0.0003s ]
SQL: SHOW COLUMNS FROM `tp_attribute` [ RunTime:0.0073s ]
SQL: SELECT * FROM `tp_attribute` WHERE `type_id` = 0  [ RunTime:0.0002s ]
INFO: [ app_end ] --START--
INFO: Run Behavior\ShowPageTraceBehavior [ RunTime:0.000392s ]
INFO: [ app_end ] --END-- [ RunTime:0.000489s ]

[ 2018-02-02T21:02:23+08:00 ] 127.0.0.1 /index.php/Admin/Attribute/getInfoByType.html?type_id=4
INFO: [ app_init ] --START--
INFO: Run Behavior\BuildLiteBehavior [ RunTime:0.000029s ]
INFO: [ app_init ] --END-- [ RunTime:0.000416s ]
INFO: [ app_begin ] --START--
INFO: Run Behavior\ReadHtmlCacheBehavior [ RunTime:0.000370s ]
INFO: [ app_begin ] --END-- [ RunTime:0.000468s ]
SQL: SHOW COLUMNS FROM `tp_manager` [ RunTime:0.0093s ]
SQL: SELECT r.role_auth_ac FROM tp_manager m INNER JOIN tp_role r on m.mg_role_id=r.role_id  WHERE `mg_id` = '3' LIMIT 1   [ RunTime:0.0003s ]
SQL: SHOW COLUMNS FROM `tp_attribute` [ RunTime:0.0066s ]
SQL: SELECT * FROM `tp_attribute` WHERE `type_id` = 0  [ RunTime:0.0003s ]
INFO: [ app_end ] --START--
INFO: Run Behavior\ShowPageTraceBehavior [ RunTime:0.000431s ]
INFO: [ app_end ] --END-- [ RunTime:0.000531s ]

[ 2018-02-02T21:02:25+08:00 ] 127.0.0.1 /index.php/Admin/Attribute/getInfoByType.html?type_id=1
INFO: [ app_init ] --START--
INFO: Run Behavior\BuildLiteBehavior [ RunTime:0.000034s ]
INFO: [ app_init ] --END-- [ RunTime:0.000384s ]
INFO: [ app_begin ] --START--
INFO: Run Behavior\ReadHtmlCacheBehavior [ RunTime:0.000368s ]
INFO: [ app_begin ] --END-- [ RunTime:0.000466s ]
SQL: SHOW COLUMNS FROM `tp_manager` [ RunTime:0.0092s ]
SQL: SELECT r.role_auth_ac FROM tp_manager m INNER JOIN tp_role r on m.mg_role_id=r.role_id  WHERE `mg_id` = '3' LIMIT 1   [ RunTime:0.0003s ]
SQL: SHOW COLUMNS FROM `tp_attribute` [ RunTime:0.0060s ]
SQL: SELECT * FROM `tp_attribute` WHERE `type_id` = 0  [ RunTime:0.0003s ]
INFO: [ app_end ] --START--
INFO: Run Behavior\ShowPageTraceBehavior [ RunTime:0.000388s ]
INFO: [ app_end ] --END-- [ RunTime:0.000474s ]

[ 2018-02-02T21:03:20+08:00 ] 127.0.0.1 /index.php/Admin/Attribute/showlist/type_id/4.html
INFO: [ app_init ] --START--
INFO: Run Behavior\BuildLiteBehavior [ RunTime:0.000027s ]
INFO: [ app_init ] --END-- [ RunTime:0.000423s ]

[ 2018-02-02T21:03:21+08:00 ] 127.0.0.1 /index.php/Admin/Attribute/getInfoByType.html?type_id=1
INFO: [ app_init ] --START--
INFO: Run Behavior\BuildLiteBehavior [ RunTime:0.000026s ]
INFO: [ app_init ] --END-- [ RunTime:0.000368s ]
INFO: [ app_begin ] --START--
INFO: Run Behavior\ReadHtmlCacheBehavior [ RunTime:0.000529s ]
INFO: [ app_begin ] --END-- [ RunTime:0.000689s ]
SQL: SHOW COLUMNS FROM `tp_manager` [ RunTime:0.0102s ]
SQL: SELECT r.role_auth_ac FROM tp_manager m INNER JOIN tp_role r on m.mg_role_id=r.role_id  WHERE `mg_id` = '3' LIMIT 1   [ RunTime:0.0003s ]
SQL: SHOW COLUMNS FROM `tp_attribute` [ RunTime:0.0067s ]
SQL: SELECT * FROM `tp_attribute` WHERE `type_id` = 0  [ RunTime:0.0003s ]
INFO: [ app_end ] --START--
INFO: Run Behavior\ShowPageTraceBehavior [ RunTime:0.000433s ]
INFO: [ app_end ] --END-- [ RunTime:0.000529s ]

[ 2018-02-02T21:03:31+08:00 ] 127.0.0.1 /index.php/Admin/Attribute/showlist/type_id/4.html
INFO: [ app_init ] --START--
INFO: Run Behavior\BuildLiteBehavior [ RunTime:0.000025s ]
INFO: [ app_init ] --END-- [ RunTime:0.000359s ]

[ 2018-02-02T21:03:33+08:00 ] 127.0.0.1 /index.php/Admin/Attribute/getInfoByType.html?type_id=1
INFO: [ app_init ] --START--
INFO: Run Behavior\BuildLiteBehavior [ RunTime:0.000030s ]
INFO: [ app_init ] --END-- [ RunTime:0.000370s ]
INFO: [ app_begin ] --START--
INFO: Run Behavior\ReadHtmlCacheBehavior [ RunTime:0.000679s ]
INFO: [ app_begin ] --END-- [ RunTime:0.001017s ]
SQL: SHOW COLUMNS FROM `tp_manager` [ RunTime:0.0095s ]
SQL: SELECT r.role_auth_ac FROM tp_manager m INNER JOIN tp_role r on m.mg_role_id=r.role_id  WHERE `mg_id` = '3' LIMIT 1   [ RunTime:0.0003s ]
SQL: SHOW COLUMNS FROM `tp_attribute` [ RunTime:0.0070s ]
SQL: SELECT * FROM `tp_attribute` WHERE `type_id` = 0  [ RunTime:0.0002s ]
INFO: [ app_end ] --START--
INFO: Run Behavior\ShowPageTraceBehavior [ RunTime:0.000443s ]
INFO: [ app_end ] --END-- [ RunTime:0.000551s ]

[ 2018-02-02T21:03:35+08:00 ] 127.0.0.1 /index.php/Admin/Attribute/getInfoByType.html?type_id=4
INFO: [ app_init ] --START--
INFO: Run Behavior\BuildLiteBehavior [ RunTime:0.000027s ]
INFO: [ app_init ] --END-- [ RunTime:0.000367s ]
INFO: [ app_begin ] --START--
INFO: Run Behavior\ReadHtmlCacheBehavior [ RunTime:0.000359s ]
INFO: [ app_begin ] --END-- [ RunTime:0.000459s ]
SQL: SHOW COLUMNS FROM `tp_manager` [ RunTime:0.0087s ]
SQL: SELECT r.role_auth_ac FROM tp_manager m INNER JOIN tp_role r on m.mg_role_id=r.role_id  WHERE `mg_id` = '3' LIMIT 1   [ RunTime:0.0003s ]
SQL: SHOW COLUMNS FROM `tp_attribute` [ RunTime:0.0060s ]
SQL: SELECT * FROM `tp_attribute` WHERE `type_id` = 0  [ RunTime:0.0003s ]
INFO: [ app_end ] --START--
INFO: Run Behavior\ShowPageTraceBehavior [ RunTime:0.000515s ]
INFO: [ app_end ] --END-- [ RunTime:0.000660s ]

[ 2018-02-02T21:04:38+08:00 ] 127.0.0.1 /index.php/Admin/Attribute/showlist/type_id/4.html
INFO: [ app_init ] --START--
INFO: Run Behavior\BuildLiteBehavior [ RunTime:0.000035s ]
INFO: [ app_init ] --END-- [ RunTime:0.000515s ]

[ 2018-02-02T21:04:39+08:00 ] 127.0.0.1 /index.php/Admin/Attribute/getInfoByType.html?type_id=1
INFO: [ app_init ] --START--
INFO: Run Behavior\BuildLiteBehavior [ RunTime:0.000026s ]
INFO: [ app_init ] --END-- [ RunTime:0.000367s ]
INFO: [ app_begin ] --START--
INFO: Run Behavior\ReadHtmlCacheBehavior [ RunTime:0.000364s ]
INFO: [ app_begin ] --END-- [ RunTime:0.000459s ]
SQL: SHOW COLUMNS FROM `tp_manager` [ RunTime:0.0089s ]
SQL: SELECT r.role_auth_ac FROM tp_manager m INNER JOIN tp_role r on m.mg_role_id=r.role_id  WHERE `mg_id` = '3' LIMIT 1   [ RunTime:0.0003s ]
SQL: SHOW COLUMNS FROM `tp_attribute` [ RunTime:0.0075s ]
SQL: SELECT * FROM `tp_attribute` WHERE `type_id` = 1  [ RunTime:0.0003s ]
INFO: [ app_end ] --START--
INFO: Run Behavior\ShowPageTraceBehavior [ RunTime:0.000383s ]
INFO: [ app_end ] --END-- [ RunTime:0.000470s ]

[ 2018-02-02T21:11:36+08:00 ] 127.0.0.1 /index.php/Admin/Goods/tianjia
INFO: [ app_init ] --START--
INFO: Run Behavior\BuildLiteBehavior [ RunTime:0.000026s ]
INFO: [ app_init ] --END-- [ RunTime:0.000393s ]

[ 2018-02-02T21:13:06+08:00 ] 127.0.0.1 /index.php/Admin/Goods/tianjia
INFO: [ app_init ] --START--
INFO: Run Behavior\BuildLiteBehavior [ RunTime:0.000026s ]
INFO: [ app_init ] --END-- [ RunTime:0.000414s ]

[ 2018-02-02T21:13:28+08:00 ] 127.0.0.1 /index.php/Admin/Goods/tianjia
INFO: [ app_init ] --START--
INFO: Run Behavior\BuildLiteBehavior [ RunTime:0.000026s ]
INFO: [ app_init ] --END-- [ RunTime:0.000357s ]

[ 2018-02-02T21:18:07+08:00 ] 127.0.0.1 /index.php/Admin/brand/
INFO: [ app_init ] --START--
INFO: Run Behavior\BuildLiteBehavior [ RunTime:0.000028s ]
INFO: [ app_init ] --END-- [ RunTime:0.000405s ]
ERR: 无法加载控制器:Brand

[ 2018-02-02T21:18:08+08:00 ] 127.0.0.1 /index.php/Admin/Goods/showlist
INFO: [ app_init ] --START--
INFO: Run Behavior\BuildLiteBehavior [ RunTime:0.000026s ]
INFO: [ app_init ] --END-- [ RunTime:0.000356s ]

[ 2018-02-02T21:18:08+08:00 ] 127.0.0.1 /index.php/Admin/Goods/tianjia
INFO: [ app_init ] --START--
INFO: Run Behavior\BuildLiteBehavior [ RunTime:0.000028s ]
INFO: [ app_init ] --END-- [ RunTime:0.000375s ]

[ 2018-02-02T21:19:07+08:00 ] 127.0.0.1 /index.php/Admin/Index/index.html
INFO: [ app_init ] --START--
INFO: Run Behavior\BuildLiteBehavior [ RunTime:0.000027s ]
INFO: [ app_init ] --END-- [ RunTime:0.000364s ]

[ 2018-02-02T21:19:07+08:00 ] 127.0.0.1 /index.php/Admin/Index/head.html
INFO: [ app_init ] --START--
INFO: Run Behavior\BuildLiteBehavior [ RunTime:0.000041s ]
INFO: [ app_init ] --END-- [ RunTime:0.000559s ]

[ 2018-02-02T21:19:07+08:00 ] 127.0.0.1 /index.php/Admin/Index/left.html
INFO: [ app_init ] --START--
INFO: Run Behavior\BuildLiteBehavior [ RunTime:0.000039s ]
INFO: [ app_init ] --END-- [ RunTime:0.000541s ]

[ 2018-02-02T21:19:07+08:00 ] 127.0.0.1 /index.php/Admin/Index/right.html
INFO: [ app_init ] --START--
INFO: Run Behavior\BuildLiteBehavior [ RunTime:0.000040s ]
INFO: [ app_init ] --END-- [ RunTime:0.000596s ]

[ 2018-02-02T21:19:10+08:00 ] 127.0.0.1 /index.php/Admin/Goods/showlist
INFO: [ app_init ] --START--
INFO: Run Behavior\BuildLiteBehavior [ RunTime:0.000026s ]
INFO: [ app_init ] --END-- [ RunTime:0.000366s ]

[ 2018-02-02T21:19:12+08:00 ] 127.0.0.1 /index.php/Admin/Goods/tianjia.html
INFO: [ app_init ] --START--
INFO: Run Behavior\BuildLiteBehavior [ RunTime:0.000027s ]
INFO: [ app_init ] --END-- [ RunTime:0.000364s ]

[ 2018-02-02T21:20:38+08:00 ] 127.0.0.1 /index.php/Admin/Goods/showlist
INFO: [ app_init ] --START--
INFO: Run Behavior\BuildLiteBehavior [ RunTime:0.000026s ]
INFO: [ app_init ] --END-- [ RunTime:0.000367s ]

[ 2018-02-02T21:20:39+08:00 ] 127.0.0.1 /index.php/Admin/Goods/tianjia
INFO: [ app_init ] --START--
INFO: Run Behavior\BuildLiteBehavior [ RunTime:0.000026s ]
INFO: [ app_init ] --END-- [ RunTime:0.000380s ]

[ 2018-02-02T21:20:39+08:00 ] 127.0.0.1 /index.php/Admin/Goods/showlist
INFO: [ app_init ] --START--
INFO: Run Behavior\BuildLiteBehavior [ RunTime:0.000026s ]
INFO: [ app_init ] --END-- [ RunTime:0.000369s ]

[ 2018-02-02T21:20:41+08:00 ] 127.0.0.1 /index.php/Admin/Goods/tianjia.html
INFO: [ app_init ] --START--
INFO: Run Behavior\BuildLiteBehavior [ RunTime:0.000026s ]
INFO: [ app_init ] --END-- [ RunTime:0.000362s ]

[ 2018-02-02T21:25:12+08:00 ] 127.0.0.1 /index.php/Admin/Goods/tianjia.html
INFO: [ app_init ] --START--
INFO: Run Behavior\BuildLiteBehavior [ RunTime:0.000026s ]
INFO: [ app_init ] --END-- [ RunTime:0.000402s ]

[ 2018-02-02T21:25:13+08:00 ] 127.0.0.1 /index.php/Admin/Goods/showlist.html
INFO: [ app_init ] --START--
INFO: Run Behavior\BuildLiteBehavior [ RunTime:0.000044s ]
INFO: [ app_init ] --END-- [ RunTime:0.000616s ]

[ 2018-02-02T21:25:16+08:00 ] 127.0.0.1 /index.php/Admin/Goods/delGoods.html?goods_id=2
INFO: [ app_init ] --START--
INFO: Run Behavior\BuildLiteBehavior [ RunTime:0.000027s ]
INFO: [ app_init ] --END-- [ RunTime:0.000388s ]
INFO: [ app_begin ] --START--
INFO: Run Behavior\ReadHtmlCacheBehavior [ RunTime:0.000388s ]
INFO: [ app_begin ] --END-- [ RunTime:0.000488s ]
SQL: SHOW COLUMNS FROM `tp_manager` [ RunTime:0.0066s ]
SQL: SELECT r.role_auth_ac FROM tp_manager m INNER JOIN tp_role r on m.mg_role_id=r.role_id  WHERE `mg_id` = '3' LIMIT 1   [ RunTime:0.0003s ]
SQL: SHOW COLUMNS FROM `tp_goods` [ RunTime:0.0071s ]
SQL: DELETE FROM `tp_goods` WHERE `goods_id` = 2 [ RunTime:0.1138s ]
INFO: [ app_end ] --START--
INFO: Run Behavior\ShowPageTraceBehavior [ RunTime:0.000472s ]
INFO: [ app_end ] --END-- [ RunTime:0.000583s ]

[ 2018-02-02T21:25:17+08:00 ] 127.0.0.1 /index.php/Admin/Goods/tianjia.html
INFO: [ app_init ] --START--
INFO: Run Behavior\BuildLiteBehavior [ RunTime:0.000027s ]
INFO: [ app_init ] --END-- [ RunTime:0.000363s ]

[ 2018-02-02T21:26:05+08:00 ] 127.0.0.1 /index.php/Admin/Goods/showlist
INFO: [ app_init ] --START--
INFO: Run Behavior\BuildLiteBehavior [ RunTime:0.000028s ]
INFO: [ app_init ] --END-- [ RunTime:0.000364s ]

[ 2018-02-02T21:26:07+08:00 ] 127.0.0.1 /index.php/Admin/Goods/tianjia.html
INFO: [ app_init ] --START--
INFO: Run Behavior\BuildLiteBehavior [ RunTime:0.000027s ]
INFO: [ app_init ] --END-- [ RunTime:0.000366s ]

[ 2018-02-02T21:26:42+08:00 ] 127.0.0.1 /index.php/Admin/Goods/showlist
INFO: [ app_init ] --START--
INFO: Run Behavior\BuildLiteBehavior [ RunTime:0.000027s ]
INFO: [ app_init ] --END-- [ RunTime:0.000394s ]

[ 2018-02-02T21:26:43+08:00 ] 127.0.0.1 /index.php/Admin/Goods/tianjia.html
INFO: [ app_init ] --START--
INFO: Run Behavior\BuildLiteBehavior [ RunTime:0.000027s ]
INFO: [ app_init ] --END-- [ RunTime:0.000375s ]

[ 2018-02-02T21:26:55+08:00 ] 127.0.0.1 /index.php/Admin/Type/showlist
INFO: [ app_init ] --START--
INFO: Run Behavior\BuildLiteBehavior [ RunTime:0.000024s ]
INFO: [ app_init ] --END-- [ RunTime:0.000338s ]

[ 2018-02-02T21:26:57+08:00 ] 127.0.0.1 /index.php/Admin/Type/tianjia.html
INFO: [ app_init ] --START--
INFO: Run Behavior\BuildLiteBehavior [ RunTime:0.000022s ]
INFO: [ app_init ] --END-- [ RunTime:0.000326s ]

[ 2018-02-02T21:26:59+08:00 ] 127.0.0.1 /index.php/Admin/Type/showlist
INFO: [ app_init ] --START--
INFO: Run Behavior\BuildLiteBehavior [ RunTime:0.000027s ]
INFO: [ app_init ] --END-- [ RunTime:0.000370s ]

[ 2018-02-02T21:27:01+08:00 ] 127.0.0.1 /index.php/Admin/Attribute/showlist/type_id/1.html
INFO: [ app_init ] --START--
INFO: Run Behavior\BuildLiteBehavior [ RunTime:0.000027s ]
INFO: [ app_init ] --END-- [ RunTime:0.000373s ]

[ 2018-02-02T21:27:02+08:00 ] 127.0.0.1 /index.php/Admin/Attribute/tianjia.html
INFO: [ app_init ] --START--
INFO: Run Behavior\BuildLiteBehavior [ RunTime:0.000023s ]
INFO: [ app_init ] --END-- [ RunTime:0.000307s ]

[ 2018-02-02T21:27:08+08:00 ] 127.0.0.1 /index.php/Admin/Type/showlist
INFO: [ app_init ] --START--
INFO: Run Behavior\BuildLiteBehavior [ RunTime:0.000027s ]
INFO: [ app_init ] --END-- [ RunTime:0.000383s ]

[ 2018-02-02T21:27:11+08:00 ] 127.0.0.1 /index.php/Admin/Attribute/showlist/type_id/1.html
INFO: [ app_init ] --START--
INFO: Run Behavior\BuildLiteBehavior [ RunTime:0.000026s ]
INFO: [ app_init ] --END-- [ RunTime:0.000358s ]

[ 2018-02-02T21:27:12+08:00 ] 127.0.0.1 /index.php/Admin/Attribute/tianjia.html
INFO: [ app_init ] --START--
INFO: Run Behavior\BuildLiteBehavior [ RunTime:0.000025s ]
INFO: [ app_init ] --END-- [ RunTime:0.000359s ]

[ 2018-02-02T21:28:04+08:00 ] 127.0.0.1 /index.php/Admin/Attribute/showlist/type_id/4.html
INFO: [ app_init ] --START--
INFO: Run Behavior\BuildLiteBehavior [ RunTime:0.000027s ]
INFO: [ app_init ] --END-- [ RunTime:0.000389s ]

[ 2018-02-02T21:28:06+08:00 ] 127.0.0.1 /index.php/Admin/Attribute/getInfoByType.html?type_id=1
INFO: [ app_init ] --START--
INFO: Run Behavior\BuildLiteBehavior [ RunTime:0.000026s ]
INFO: [ app_init ] --END-- [ RunTime:0.000372s ]
INFO: [ app_begin ] --START--
INFO: Run Behavior\ReadHtmlCacheBehavior [ RunTime:0.000359s ]
INFO: [ app_begin ] --END-- [ RunTime:0.000457s ]
SQL: SHOW COLUMNS FROM `tp_manager` [ RunTime:0.0083s ]
SQL: SELECT r.role_auth_ac FROM tp_manager m INNER JOIN tp_role r on m.mg_role_id=r.role_id  WHERE `mg_id` = '3' LIMIT 1   [ RunTime:0.0003s ]
SQL: SHOW COLUMNS FROM `tp_attribute` [ RunTime:0.0065s ]
SQL: SELECT * FROM `tp_attribute` WHERE `type_id` = 1  [ RunTime:0.0003s ]
INFO: [ app_end ] --START--
INFO: Run Behavior\ShowPageTraceBehavior [ RunTime:0.000366s ]
INFO: [ app_end ] --END-- [ RunTime:0.000450s ]

[ 2018-02-02T21:28:09+08:00 ] 127.0.0.1 /index.php/Admin/Index/index.html
INFO: [ app_init ] --START--
INFO: Run Behavior\BuildLiteBehavior [ RunTime:0.000031s ]
INFO: [ app_init ] --END-- [ RunTime:0.000367s ]

[ 2018-02-02T21:28:10+08:00 ] 127.0.0.1 /index.php/Admin/Index/head.html
INFO: [ app_init ] --START--
INFO: Run Behavior\BuildLiteBehavior [ RunTime:0.000039s ]
INFO: [ app_init ] --END-- [ RunTime:0.000499s ]

[ 2018-02-02T21:28:10+08:00 ] 127.0.0.1 /index.php/Admin/Index/left.html
INFO: [ app_init ] --START--
INFO: Run Behavior\BuildLiteBehavior [ RunTime:0.000051s ]
INFO: [ app_init ] --END-- [ RunTime:0.001111s ]

[ 2018-02-02T21:28:10+08:00 ] 127.0.0.1 /index.php/Admin/Index/right.html
INFO: [ app_init ] --START--
INFO: Run Behavior\BuildLiteBehavior [ RunTime:0.000038s ]
INFO: [ app_init ] --END-- [ RunTime:0.000577s ]

[ 2018-02-02T21:28:11+08:00 ] 127.0.0.1 /index.php/Admin/Goods/showlist
INFO: [ app_init ] --START--
INFO: Run Behavior\BuildLiteBehavior [ RunTime:0.000029s ]
INFO: [ app_init ] --END-- [ RunTime:0.000413s ]

[ 2018-02-02T21:28:12+08:00 ] 127.0.0.1 /index.php/Admin/Goods/tianjia.html
INFO: [ app_init ] --START--
INFO: Run Behavior\BuildLiteBehavior [ RunTime:0.000028s ]
INFO: [ app_init ] --END-- [ RunTime:0.000382s ]

[ 2018-02-02T21:28:25+08:00 ] 127.0.0.1 /index.php/Admin/Index/index.html
INFO: [ app_init ] --START--
INFO: Run Behavior\BuildLiteBehavior [ RunTime:0.000030s ]
INFO: [ app_init ] --END-- [ RunTime:0.000456s ]

[ 2018-02-02T21:28:25+08:00 ] 127.0.0.1 /index.php/Admin/Index/head.html
INFO: [ app_init ] --START--
INFO: Run Behavior\BuildLiteBehavior [ RunTime:0.000042s ]
INFO: [ app_init ] --END-- [ RunTime:0.000527s ]

[ 2018-02-02T21:28:25+08:00 ] 127.0.0.1 /index.php/Admin/Index/right.html
INFO: [ app_init ] --START--
INFO: Run Behavior\BuildLiteBehavior [ RunTime:0.000039s ]
INFO: [ app_init ] --END-- [ RunTime:0.000499s ]

[ 2018-02-02T21:28:25+08:00 ] 127.0.0.1 /index.php/Admin/Index/left.html
INFO: [ app_init ] --START--
INFO: Run Behavior\BuildLiteBehavior [ RunTime:0.000037s ]
INFO: [ app_init ] --END-- [ RunTime:0.000504s ]

[ 2018-02-02T21:28:26+08:00 ] 127.0.0.1 /index.php/Admin/Goods/showlist
INFO: [ app_init ] --START--
INFO: Run Behavior\BuildLiteBehavior [ RunTime:0.000026s ]
INFO: [ app_init ] --END-- [ RunTime:0.000356s ]

[ 2018-02-02T21:28:28+08:00 ] 127.0.0.1 /index.php/Admin/Goods/tianjia.html
INFO: [ app_init ] --START--
INFO: Run Behavior\BuildLiteBehavior [ RunTime:0.000026s ]
INFO: [ app_init ] --END-- [ RunTime:0.000364s ]

[ 2018-02-02T21:30:39+08:00 ] 127.0.0.1 /index.php/Admin/Goods/showlist
INFO: [ app_init ] --START--
INFO: Run Behavior\BuildLiteBehavior [ RunTime:0.000028s ]
INFO: [ app_init ] --END-- [ RunTime:0.000473s ]

[ 2018-02-02T21:30:41+08:00 ] 127.0.0.1 /index.php/Admin/Goods/tianjia.html
INFO: [ app_init ] --START--
INFO: Run Behavior\BuildLiteBehavior [ RunTime:0.000027s ]
INFO: [ app_init ] --END-- [ RunTime:0.000376s ]

[ 2018-02-02T21:31:01+08:00 ] 127.0.0.1 /index.php/Admin/Index/index.html
INFO: [ app_init ] --START--
INFO: Run Behavior\BuildLiteBehavior [ RunTime:0.000028s ]
INFO: [ app_init ] --END-- [ RunTime:0.000374s ]

[ 2018-02-02T21:31:01+08:00 ] 127.0.0.1 /index.php/Admin/Index/head.html
INFO: [ app_init ] --START--
INFO: Run Behavior\BuildLiteBehavior [ RunTime:0.000039s ]
INFO: [ app_init ] --END-- [ RunTime:0.000514s ]

[ 2018-02-02T21:31:02+08:00 ] 127.0.0.1 /index.php/Admin/Index/left.html
INFO: [ app_init ] --START--
INFO: Run Behavior\BuildLiteBehavior [ RunTime:0.000039s ]
INFO: [ app_init ] --END-- [ RunTime:0.000537s ]

[ 2018-02-02T21:31:02+08:00 ] 127.0.0.1 /index.php/Admin/Index/right.html
INFO: [ app_init ] --START--
INFO: Run Behavior\BuildLiteBehavior [ RunTime:0.000049s ]
INFO: [ app_init ] --END-- [ RunTime:0.000643s ]

[ 2018-02-02T21:31:03+08:00 ] 127.0.0.1 /index.php/Admin/Goods/showlist
INFO: [ app_init ] --START--
INFO: Run Behavior\BuildLiteBehavior [ RunTime:0.000030s ]
INFO: [ app_init ] --END-- [ RunTime:0.000366s ]

[ 2018-02-02T21:31:05+08:00 ] 127.0.0.1 /index.php/Admin/Goods/tianjia.html
INFO: [ app_init ] --START--
INFO: Run Behavior\BuildLiteBehavior [ RunTime:0.000026s ]
INFO: [ app_init ] --END-- [ RunTime:0.000357s ]

[ 2018-02-02T21:32:26+08:00 ] 127.0.0.1 /index.php/Admin/Goods/tianjia.html
INFO: [ app_init ] --START--
INFO: Run Behavior\BuildLiteBehavior [ RunTime:0.000026s ]
INFO: [ app_init ] --END-- [ RunTime:0.000358s ]

[ 2018-02-02T21:32:30+08:00 ] 127.0.0.1 /index.php/Admin/Goods/showlist
INFO: [ app_init ] --START--
INFO: Run Behavior\BuildLiteBehavior [ RunTime:0.000027s ]
INFO: [ app_init ] --END-- [ RunTime:0.000358s ]

[ 2018-02-02T21:32:31+08:00 ] 127.0.0.1 /index.php/Admin/Goods/tianjia.html
INFO: [ app_init ] --START--
INFO: Run Behavior\BuildLiteBehavior [ RunTime:0.000028s ]
INFO: [ app_init ] --END-- [ RunTime:0.000384s ]

[ 2018-02-02T21:33:06+08:00 ] 127.0.0.1 /index.php/Admin/Goods/tianjia.html
INFO: [ app_init ] --START--
INFO: Run Behavior\BuildLiteBehavior [ RunTime:0.000027s ]
INFO: [ app_init ] --END-- [ RunTime:0.000387s ]

[ 2018-02-02T21:34:34+08:00 ] 127.0.0.1 /index.php/Admin/Goods/showlist
INFO: [ app_init ] --START--
INFO: Run Behavior\BuildLiteBehavior [ RunTime:0.000030s ]
INFO: [ app_init ] --END-- [ RunTime:0.000378s ]

[ 2018-02-02T21:34:38+08:00 ] 127.0.0.1 /index.php/Admin/Goods/tianjia.html
INFO: [ app_init ] --START--
INFO: Run Behavior\BuildLiteBehavior [ RunTime:0.000021s ]
INFO: [ app_init ] --END-- [ RunTime:0.000301s ]

[ 2018-02-02T21:41:05+08:00 ] 127.0.0.1 /index.php/Admin/Goods/tianjia.html
INFO: [ app_init ] --START--
INFO: Run Behavior\BuildLiteBehavior [ RunTime:0.000048s ]
INFO: [ app_init ] --END-- [ RunTime:0.000689s ]

[ 2018-02-02T21:41:19+08:00 ] 127.0.0.1 /index.php/Admin/Goods/tianjia.html
INFO: [ app_init ] --START--
INFO: Run Behavior\BuildLiteBehavior [ RunTime:0.000026s ]
INFO: [ app_init ] --END-- [ RunTime:0.000390s ]

